{"/home/travis/build/npmtest/node-npmtest-unirest/test.js":{"path":"/home/travis/build/npmtest/node-npmtest-unirest/test.js","s":{"1":2,"2":2,"3":2,"4":2,"5":2,"6":2,"7":2,"8":1,"9":2,"10":2,"11":1,"12":1,"13":1,"14":1,"15":2,"16":2,"17":2,"18":2,"19":1,"20":1,"21":2,"22":2,"23":2,"24":1,"25":1,"26":1,"27":1,"28":1,"29":1,"30":1,"31":1,"32":1,"33":1,"34":1,"35":1,"36":1,"37":1,"38":1,"39":2,"40":2,"41":1,"42":2,"43":2,"44":1,"45":2,"46":2,"47":1,"48":2,"49":2,"50":1,"51":1,"52":1,"53":1,"54":1},"b":{"1":[2,1,1,1],"2":[1,1,1,1],"3":[1,1],"4":[1,1],"5":[1,1],"6":[1,1],"7":[1,1],"8":[1,1],"9":[1,1],"10":[1,1,1],"11":[1,1],"12":[1,1],"13":[1,1],"14":[1,1],"15":[1,1],"16":[1,1],"17":[1,1]},"f":{"1":2,"2":2,"3":2,"4":2,"5":2,"6":1,"7":1,"8":1,"9":2,"10":2,"11":2,"12":2,"13":1},"fnMap":{"1":{"name":"(anonymous_1)","line":12,"loc":{"start":{"line":12,"column":1},"end":{"line":12,"column":13}}},"2":{"name":"(anonymous_2)","line":19,"loc":{"start":{"line":19,"column":5},"end":{"line":19,"column":17}}},"3":{"name":"(anonymous_3)","line":23,"loc":{"start":{"line":23,"column":24},"end":{"line":23,"column":36}}},"4":{"name":"(anonymous_4)","line":61,"loc":{"start":{"line":61,"column":5},"end":{"line":61,"column":17}}},"5":{"name":"(anonymous_5)","line":82,"loc":{"start":{"line":82,"column":5},"end":{"line":82,"column":17}}},"6":{"name":"(anonymous_6)","line":91,"loc":{"start":{"line":91,"column":77},"end":{"line":94,"column":10}}},"7":{"name":"(anonymous_7)","line":112,"loc":{"start":{"line":112,"column":83},"end":{"line":115,"column":10}},"skip":true},"8":{"name":"(anonymous_8)","line":123,"loc":{"start":{"line":123,"column":77},"end":{"line":126,"column":10}},"skip":true},"9":{"name":"(anonymous_9)","line":139,"loc":{"start":{"line":139,"column":12},"end":{"line":139,"column":40}},"skip":true},"10":{"name":"(anonymous_10)","line":147,"loc":{"start":{"line":147,"column":77},"end":{"line":150,"column":10}},"skip":true},"11":{"name":"(anonymous_11)","line":158,"loc":{"start":{"line":158,"column":83},"end":{"line":161,"column":10}},"skip":true},"12":{"name":"(anonymous_12)","line":169,"loc":{"start":{"line":169,"column":79},"end":{"line":172,"column":10}},"skip":true},"13":{"name":"(anonymous_13)","line":180,"loc":{"start":{"line":180,"column":75},"end":{"line":183,"column":10}},"skip":true}},"statementMap":{"1":{"start":{"line":12,"column":0},"end":{"line":195,"column":5}},"2":{"start":{"line":14,"column":4},"end":{"line":14,"column":14}},"3":{"start":{"line":19,"column":4},"end":{"line":56,"column":9}},"4":{"start":{"line":21,"column":8},"end":{"line":21,"column":19}},"5":{"start":{"line":23,"column":8},"end":{"line":35,"column":13}},"6":{"start":{"line":24,"column":12},"end":{"line":34,"column":13}},"7":{"start":{"line":25,"column":16},"end":{"line":28,"column":30}},"8":{"start":{"line":30,"column":16},"end":{"line":33,"column":27}},"9":{"start":{"line":37,"column":8},"end":{"line":39,"column":21}},"10":{"start":{"line":40,"column":8},"end":{"line":53,"column":9}},"11":{"start":{"line":43,"column":12},"end":{"line":46,"column":14}},"12":{"start":{"line":47,"column":12},"end":{"line":47,"column":18}},"13":{"start":{"line":50,"column":12},"end":{"line":51,"column":46}},"14":{"start":{"line":52,"column":12},"end":{"line":52,"column":18}},"15":{"start":{"line":55,"column":8},"end":{"line":55,"column":35}},"16":{"start":{"line":61,"column":4},"end":{"line":63,"column":9}},"17":{"start":{"line":62,"column":8},"end":{"line":62,"column":15}},"18":{"start":{"line":64,"column":4},"end":{"line":77,"column":5}},"19":{"start":{"line":70,"column":8},"end":{"line":70,"column":14}},"20":{"start":{"line":76,"column":8},"end":{"line":76,"column":14}},"21":{"start":{"line":82,"column":4},"end":{"line":84,"column":9}},"22":{"start":{"line":83,"column":8},"end":{"line":83,"column":15}},"23":{"start":{"line":85,"column":4},"end":{"line":194,"column":5}},"24":{"start":{"line":91,"column":8},"end":{"line":99,"column":10}},"25":{"start":{"line":98,"column":12},"end":{"line":98,"column":35}},"26":{"start":{"line":102,"column":8},"end":{"line":104,"column":63}},"27":{"start":{"line":105,"column":8},"end":{"line":105,"column":14}},"28":{"start":{"line":112,"column":8},"end":{"line":121,"column":10},"skip":true},"29":{"start":{"line":119,"column":12},"end":{"line":119,"column":55},"skip":true},"30":{"start":{"line":120,"column":12},"end":{"line":120,"column":48},"skip":true},"31":{"start":{"line":123,"column":8},"end":{"line":136,"column":10},"skip":true},"32":{"start":{"line":130,"column":12},"end":{"line":130,"column":76},"skip":true},"33":{"start":{"line":131,"column":12},"end":{"line":131,"column":73},"skip":true},"34":{"start":{"line":132,"column":12},"end":{"line":132,"column":74},"skip":true},"35":{"start":{"line":133,"column":12},"end":{"line":133,"column":79},"skip":true},"36":{"start":{"line":134,"column":12},"end":{"line":134,"column":25},"skip":true},"37":{"start":{"line":135,"column":12},"end":{"line":135,"column":45},"skip":true},"38":{"start":{"line":138,"column":8},"end":{"line":145,"column":14},"skip":true},"39":{"start":{"line":143,"column":16},"end":{"line":143,"column":29},"skip":true},"40":{"start":{"line":144,"column":16},"end":{"line":144,"column":55},"skip":true},"41":{"start":{"line":147,"column":8},"end":{"line":156,"column":10},"skip":true},"42":{"start":{"line":154,"column":12},"end":{"line":154,"column":25},"skip":true},"43":{"start":{"line":155,"column":12},"end":{"line":155,"column":45},"skip":true},"44":{"start":{"line":158,"column":8},"end":{"line":167,"column":10},"skip":true},"45":{"start":{"line":165,"column":12},"end":{"line":165,"column":25},"skip":true},"46":{"start":{"line":166,"column":12},"end":{"line":166,"column":48},"skip":true},"47":{"start":{"line":169,"column":8},"end":{"line":178,"column":10},"skip":true},"48":{"start":{"line":176,"column":12},"end":{"line":176,"column":25},"skip":true},"49":{"start":{"line":177,"column":12},"end":{"line":177,"column":46},"skip":true},"50":{"start":{"line":180,"column":8},"end":{"line":189,"column":10},"skip":true},"51":{"start":{"line":187,"column":12},"end":{"line":187,"column":94},"skip":true},"52":{"start":{"line":188,"column":12},"end":{"line":188,"column":48},"skip":true},"53":{"start":{"line":192,"column":8},"end":{"line":192,"column":35},"skip":true},"54":{"start":{"line":193,"column":8},"end":{"line":193,"column":14},"skip":true}},"branchMap":{"1":{"line":25,"type":"binary-expr","locations":[{"start":{"line":25,"column":23},"end":{"line":25,"column":62}},{"start":{"line":26,"column":20},"end":{"line":26,"column":70}},{"start":{"line":27,"column":20},"end":{"line":27,"column":71}},{"start":{"line":28,"column":20},"end":{"line":28,"column":29}}]},"2":{"line":30,"type":"binary-expr","locations":[{"start":{"line":30,"column":23},"end":{"line":30,"column":37}},{"start":{"line":31,"column":20},"end":{"line":31,"column":61}},{"start":{"line":32,"column":20},"end":{"line":32,"column":70}},{"start":{"line":33,"column":20},"end":{"line":33,"column":26}}]},"3":{"line":37,"type":"cond-expr","locations":[{"start":{"line":38,"column":14},"end":{"line":38,"column":20}},{"start":{"line":39,"column":14},"end":{"line":39,"column":20}}]},"4":{"line":40,"type":"switch","locations":[{"start":{"line":42,"column":8},"end":{"line":47,"column":18}},{"start":{"line":49,"column":8},"end":{"line":52,"column":18}}]},"5":{"line":44,"type":"binary-expr","locations":[{"start":{"line":44,"column":16},"end":{"line":44,"column":44}},{"start":{"line":44,"column":48},"end":{"line":44,"column":66}}]},"6":{"line":50,"type":"binary-expr","locations":[{"start":{"line":50,"column":21},"end":{"line":50,"column":49}},{"start":{"line":50,"column":53},"end":{"line":50,"column":72}}]},"7":{"line":64,"type":"switch","locations":[{"start":{"line":69,"column":4},"end":{"line":70,"column":14}},{"start":{"line":75,"column":4},"end":{"line":76,"column":14}}]},"8":{"line":85,"type":"switch","locations":[{"start":{"line":90,"column":4},"end":{"line":105,"column":14}},{"start":{"line":111,"column":4},"end":{"line":193,"column":14},"skip":true}]},"9":{"line":91,"type":"binary-expr","locations":[{"start":{"line":91,"column":42},"end":{"line":91,"column":73}},{"start":{"line":91,"column":77},"end":{"line":99,"column":9}}]},"10":{"line":102,"type":"binary-expr","locations":[{"start":{"line":102,"column":18},"end":{"line":102,"column":32}},{"start":{"line":103,"column":12},"end":{"line":103,"column":53}},{"start":{"line":104,"column":12},"end":{"line":104,"column":61}}]},"11":{"line":112,"type":"binary-expr","locations":[{"start":{"line":112,"column":45},"end":{"line":112,"column":79},"skip":true},{"start":{"line":112,"column":83},"end":{"line":121,"column":9},"skip":true}]},"12":{"line":123,"type":"binary-expr","locations":[{"start":{"line":123,"column":42},"end":{"line":123,"column":73},"skip":true},{"start":{"line":123,"column":77},"end":{"line":136,"column":9},"skip":true}]},"13":{"line":138,"type":"binary-expr","locations":[{"start":{"line":138,"column":48},"end":{"line":138,"column":85},"skip":true},{"start":{"line":139,"column":12},"end":{"line":145,"column":13},"skip":true}]},"14":{"line":147,"type":"binary-expr","locations":[{"start":{"line":147,"column":42},"end":{"line":147,"column":73},"skip":true},{"start":{"line":147,"column":77},"end":{"line":156,"column":9},"skip":true}]},"15":{"line":158,"type":"binary-expr","locations":[{"start":{"line":158,"column":45},"end":{"line":158,"column":79},"skip":true},{"start":{"line":158,"column":83},"end":{"line":167,"column":9},"skip":true}]},"16":{"line":169,"type":"binary-expr","locations":[{"start":{"line":169,"column":43},"end":{"line":169,"column":75},"skip":true},{"start":{"line":169,"column":79},"end":{"line":178,"column":9},"skip":true}]},"17":{"line":180,"type":"binary-expr","locations":[{"start":{"line":180,"column":41},"end":{"line":180,"column":71},"skip":true},{"start":{"line":180,"column":75},"end":{"line":189,"column":9},"skip":true}]}},"code":["/* istanbul instrument in package npmtest_unirest */","/*jslint","    bitwise: true,","    browser: true,","    maxerr: 8,","    maxlen: 96,","    node: true,","    nomen: true,","    regexp: true,","    stupid: true","*/","(function () {","    'use strict';","    var local;","","","","    // run shared js-env code - pre-init","    (function () {","        // init local","        local = {};","        // init modeJs","        local.modeJs = (function () {","            try {","                return typeof navigator.userAgent === 'string' &&","                    typeof document.querySelector('body') === 'object' &&","                    typeof XMLHttpRequest.prototype.open === 'function' &&","                    'browser';","            } catch (errorCaughtBrowser) {","                return module.exports &&","                    typeof process.versions.node === 'string' &&","                    typeof require('http').createServer === 'function' &&","                    'node';","            }","        }());","        // init global","        local.global = local.modeJs === 'browser'","            ? window","            : global;","        switch (local.modeJs) {","        // re-init local from window.local","        case 'browser':","            local = local.global.utility2.objectSetDefault(","                local.global.utility2_rollup || local.global.local,","                local.global.utility2","            );","            break;","        // re-init local from example.js","        case 'node':","            local = (local.global.utility2_rollup || require('utility2'))","                .requireExampleJsFromReadme();","            break;","        }","        // export local","        local.global.local = local;","    }());","","","","    // run shared js-env code - function","    (function () {","        return;","    }());","    switch (local.modeJs) {","","","","    // run browser js-env code - function","    case 'browser':","        break;","","","","    // run node js-env code - function","    case 'node':","        break;","    }","","","","    // run shared js-env code - post-init","    (function () {","        return;","    }());","    switch (local.modeJs) {","","","","    // run browser js-env code - post-init","    case 'browser':","        local.testCase_browser_nullCase = local.testCase_browser_nullCase || function (","            options,","            onError","        ) {","        /*","         * this function will test browsers's null-case handling-behavior-behavior","         */","            onError(null, options);","        };","","        // run tests","        local.nop(local.modeTest &&","            document.querySelector('#testRunButton1') &&","            document.querySelector('#testRunButton1').click());","        break;","","","","    // run node js-env code - post-init","    /* istanbul ignore next */","    case 'node':","        local.testCase_buildApidoc_default = local.testCase_buildApidoc_default || function (","            options,","            onError","        ) {","        /*","         * this function will test buildApidoc's default handling-behavior-behavior","         */","            options = { modulePathList: module.paths };","            local.buildApidoc(options, onError);","        };","","        local.testCase_buildApp_default = local.testCase_buildApp_default || function (","            options,","            onError","        ) {","        /*","         * this function will test buildApp's default handling-behavior-behavior","         */","            local.testCase_buildReadme_default(options, local.onErrorThrow);","            local.testCase_buildLib_default(options, local.onErrorThrow);","            local.testCase_buildTest_default(options, local.onErrorThrow);","            local.testCase_buildCustomOrg_default(options, local.onErrorThrow);","            options = [];","            local.buildApp(options, onError);","        };","","        local.testCase_buildCustomOrg_default = local.testCase_buildCustomOrg_default ||","            function (options, onError) {","            /*","             * this function will test buildCustomOrg's default handling-behavior","             */","                options = {};","                local.buildCustomOrg(options, onError);","            };","","        local.testCase_buildLib_default = local.testCase_buildLib_default || function (","            options,","            onError","        ) {","        /*","         * this function will test buildLib's default handling-behavior","         */","            options = {};","            local.buildLib(options, onError);","        };","","        local.testCase_buildReadme_default = local.testCase_buildReadme_default || function (","            options,","            onError","        ) {","        /*","         * this function will test buildReadme's default handling-behavior-behavior","         */","            options = {};","            local.buildReadme(options, onError);","        };","","        local.testCase_buildTest_default = local.testCase_buildTest_default || function (","            options,","            onError","        ) {","        /*","         * this function will test buildTest's default handling-behavior","         */","            options = {};","            local.buildTest(options, onError);","        };","","        local.testCase_webpage_default = local.testCase_webpage_default || function (","            options,","            onError","        ) {","        /*","         * this function will test webpage's default handling-behavior","         */","            options = { modeCoverageMerge: true, url: local.serverLocalHost + '?modeTest=1' };","            local.browserTest(options, onError);","        };","","        // run test-server","        local.testRunServer(local);","        break;","    }","}());",""],"l":{"12":2,"14":2,"19":2,"21":2,"23":2,"24":2,"25":2,"30":1,"37":2,"40":2,"43":1,"47":1,"50":1,"52":1,"55":2,"61":2,"62":2,"64":2,"70":1,"76":1,"82":2,"83":2,"85":2,"91":1,"98":1,"102":1,"105":1,"112":1,"119":1,"120":1,"123":1,"130":1,"131":1,"132":1,"133":1,"134":1,"135":1,"138":1,"143":2,"144":2,"147":1,"154":2,"155":2,"158":1,"165":2,"166":2,"169":1,"176":2,"177":2,"180":1,"187":1,"188":1,"192":1,"193":1}},"/home/travis/build/npmtest/node-npmtest-unirest/lib.npmtest_unirest.js":{"path":"/home/travis/build/npmtest/node-npmtest-unirest/lib.npmtest_unirest.js","s":{"1":2,"2":2,"3":2,"4":2,"5":2,"6":2,"7":2,"8":1,"9":2,"10":2,"11":2,"12":2,"13":1,"14":1,"15":1,"16":1},"b":{"1":[2,1,1,1],"2":[1,1,1,1],"3":[1,1],"4":[2,2],"5":[1,1]},"f":{"1":2,"2":2,"3":2},"fnMap":{"1":{"name":"(anonymous_1)","line":12,"loc":{"start":{"line":12,"column":1},"end":{"line":12,"column":13}}},"2":{"name":"(anonymous_2)","line":19,"loc":{"start":{"line":19,"column":5},"end":{"line":19,"column":17}}},"3":{"name":"(anonymous_3)","line":23,"loc":{"start":{"line":23,"column":24},"end":{"line":23,"column":36}}}},"statementMap":{"1":{"start":{"line":12,"column":0},"end":{"line":53,"column":5}},"2":{"start":{"line":14,"column":4},"end":{"line":14,"column":14}},"3":{"start":{"line":19,"column":4},"end":{"line":52,"column":9}},"4":{"start":{"line":21,"column":8},"end":{"line":21,"column":19}},"5":{"start":{"line":23,"column":8},"end":{"line":35,"column":13}},"6":{"start":{"line":24,"column":12},"end":{"line":34,"column":13}},"7":{"start":{"line":25,"column":16},"end":{"line":28,"column":30}},"8":{"start":{"line":30,"column":16},"end":{"line":33,"column":27}},"9":{"start":{"line":37,"column":8},"end":{"line":39,"column":21}},"10":{"start":{"line":41,"column":8},"end":{"line":41,"column":54}},"11":{"start":{"line":43,"column":8},"end":{"line":43,"column":52}},"12":{"start":{"line":45,"column":8},"end":{"line":51,"column":9}},"13":{"start":{"line":46,"column":12},"end":{"line":46,"column":58}},"14":{"start":{"line":48,"column":12},"end":{"line":48,"column":35}},"15":{"start":{"line":49,"column":12},"end":{"line":49,"column":49}},"16":{"start":{"line":50,"column":12},"end":{"line":50,"column":43}}},"branchMap":{"1":{"line":25,"type":"binary-expr","locations":[{"start":{"line":25,"column":23},"end":{"line":25,"column":62}},{"start":{"line":26,"column":20},"end":{"line":26,"column":70}},{"start":{"line":27,"column":20},"end":{"line":27,"column":71}},{"start":{"line":28,"column":20},"end":{"line":28,"column":29}}]},"2":{"line":30,"type":"binary-expr","locations":[{"start":{"line":30,"column":23},"end":{"line":30,"column":37}},{"start":{"line":31,"column":20},"end":{"line":31,"column":61}},{"start":{"line":32,"column":20},"end":{"line":32,"column":70}},{"start":{"line":33,"column":20},"end":{"line":33,"column":26}}]},"3":{"line":37,"type":"cond-expr","locations":[{"start":{"line":38,"column":14},"end":{"line":38,"column":20}},{"start":{"line":39,"column":14},"end":{"line":39,"column":20}}]},"4":{"line":41,"type":"binary-expr","locations":[{"start":{"line":41,"column":16},"end":{"line":41,"column":44}},{"start":{"line":41,"column":48},"end":{"line":41,"column":53}}]},"5":{"line":45,"type":"if","locations":[{"start":{"line":45,"column":8},"end":{"line":45,"column":8}},{"start":{"line":45,"column":8},"end":{"line":45,"column":8}}]}},"code":["/* istanbul instrument in package npmtest_unirest */","/*jslint","    bitwise: true,","    browser: true,","    maxerr: 8,","    maxlen: 96,","    node: true,","    nomen: true,","    regexp: true,","    stupid: true","*/","(function () {","    'use strict';","    var local;","","","","    // run shared js-env code - pre-init","    (function () {","        // init local","        local = {};","        // init modeJs","        local.modeJs = (function () {","            try {","                return typeof navigator.userAgent === 'string' &&","                    typeof document.querySelector('body') === 'object' &&","                    typeof XMLHttpRequest.prototype.open === 'function' &&","                    'browser';","            } catch (errorCaughtBrowser) {","                return module.exports &&","                    typeof process.versions.node === 'string' &&","                    typeof require('http').createServer === 'function' &&","                    'node';","            }","        }());","        // init global","        local.global = local.modeJs === 'browser'","            ? window","            : global;","        // init utility2_rollup","        local = local.global.utility2_rollup || local;","        // init lib","        local.local = local.npmtest_unirest = local;","        // init exports","        if (local.modeJs === 'browser') {","            local.global.utility2_npmtest_unirest = local;","        } else {","            module.exports = local;","            module.exports.__dirname = __dirname;","            module.exports.module = module;","        }","    }());","}());",""],"l":{"12":2,"14":2,"19":2,"21":2,"23":2,"24":2,"25":2,"30":1,"37":2,"41":2,"43":2,"45":2,"46":1,"48":1,"49":1,"50":1}},"/home/travis/build/npmtest/node-npmtest-unirest/example.js":{"path":"/home/travis/build/npmtest/node-npmtest-unirest/example.js","s":{"1":2,"2":2,"3":2,"4":2,"5":2,"6":2,"7":2,"8":1,"9":2,"10":2,"11":2,"12":2,"13":1,"14":2,"15":2,"16":2,"17":2,"18":2,"19":0,"20":2,"21":1,"22":1,"23":1,"24":1,"25":1,"26":0,"27":0,"28":1,"29":1,"30":2,"31":0,"32":0,"33":0,"34":1,"35":2,"36":2,"37":3,"38":3,"39":3,"40":3,"41":0,"42":3,"43":3,"44":3,"45":1,"46":3,"47":1,"48":1,"49":1,"50":1,"51":1,"52":1,"53":1,"54":1,"55":1,"56":1,"57":0,"58":1,"59":6,"60":6,"61":1,"62":2,"63":0,"64":2,"65":1,"66":1,"67":0,"68":0,"69":0,"70":0,"71":0,"72":0,"73":0,"74":0,"75":0,"76":0,"77":0,"78":0,"79":0,"80":0,"81":0,"82":0,"83":0},"b":{"1":[2,1,1,1],"2":[1,1,1,1],"3":[1,1],"4":[2,2],"5":[1,1],"6":[1,1],"7":[2,0],"8":[2,1,1,1,1,1],"9":[0,2,0],"10":[1,1],"11":[2,1,1],"12":[1,0],"13":[0,2],"14":[2,0,0,0,0,0,0],"15":[0,3],"16":[3,0],"17":[1,1],"18":[0,1],"19":[1,2,0,2],"20":[1,0],"21":[1,1],"22":[0,0],"23":[0,0],"24":[0,0],"25":[0,0],"26":[0,0],"27":[0,0],"28":[0,0]},"f":{"1":2,"2":2,"3":2,"4":2,"5":2,"6":2,"7":3,"8":3,"9":3,"10":1,"11":6,"12":0},"fnMap":{"1":{"name":"(anonymous_1)","line":26,"loc":{"start":{"line":26,"column":1},"end":{"line":26,"column":13}}},"2":{"name":"(anonymous_2)","line":33,"loc":{"start":{"line":33,"column":5},"end":{"line":33,"column":17}}},"3":{"name":"(anonymous_3)","line":37,"loc":{"start":{"line":37,"column":24},"end":{"line":37,"column":36}}},"4":{"name":"(anonymous_4)","line":69,"loc":{"start":{"line":69,"column":31},"end":{"line":69,"column":48}},"skip":true},"5":{"name":"(anonymous_5)","line":78,"loc":{"start":{"line":78,"column":26},"end":{"line":78,"column":45}},"skip":true},"6":{"name":"(anonymous_6)","line":123,"loc":{"start":{"line":123,"column":33},"end":{"line":123,"column":48}},"skip":true},"7":{"name":"(anonymous_7)","line":125,"loc":{"start":{"line":125,"column":27},"end":{"line":125,"column":39}},"skip":true},"8":{"name":"(anonymous_8)","line":133,"loc":{"start":{"line":133,"column":59},"end":{"line":133,"column":74}},"skip":true},"9":{"name":"(anonymous_9)","line":143,"loc":{"start":{"line":143,"column":45},"end":{"line":143,"column":62}},"skip":true},"10":{"name":"(anonymous_10)","line":144,"loc":{"start":{"line":144,"column":73},"end":{"line":144,"column":92}},"skip":true},"11":{"name":"(anonymous_11)","line":272,"loc":{"start":{"line":272,"column":51},"end":{"line":272,"column":77}},"skip":true},"12":{"name":"(anonymous_12)","line":315,"loc":{"start":{"line":315,"column":32},"end":{"line":315,"column":61}},"skip":true}},"statementMap":{"1":{"start":{"line":26,"column":0},"end":{"line":326,"column":5}},"2":{"start":{"line":28,"column":4},"end":{"line":28,"column":14}},"3":{"start":{"line":33,"column":4},"end":{"line":60,"column":9}},"4":{"start":{"line":35,"column":8},"end":{"line":35,"column":19}},"5":{"start":{"line":37,"column":8},"end":{"line":49,"column":13}},"6":{"start":{"line":38,"column":12},"end":{"line":48,"column":13}},"7":{"start":{"line":39,"column":16},"end":{"line":42,"column":30}},"8":{"start":{"line":44,"column":16},"end":{"line":47,"column":27}},"9":{"start":{"line":51,"column":8},"end":{"line":53,"column":21}},"10":{"start":{"line":55,"column":8},"end":{"line":57,"column":45}},"11":{"start":{"line":59,"column":8},"end":{"line":59,"column":35}},"12":{"start":{"line":61,"column":4},"end":{"line":325,"column":5}},"13":{"start":{"line":69,"column":8},"end":{"line":121,"column":10},"skip":true},"14":{"start":{"line":70,"column":12},"end":{"line":88,"column":13},"skip":true},"15":{"start":{"line":76,"column":16},"end":{"line":87,"column":19},"skip":true},"16":{"start":{"line":79,"column":20},"end":{"line":86,"column":21},"skip":true},"17":{"start":{"line":82,"column":24},"end":{"line":82,"column":43},"skip":true},"18":{"start":{"line":83,"column":24},"end":{"line":83,"column":30},"skip":true},"19":{"start":{"line":85,"column":24},"end":{"line":85,"column":49},"skip":true},"20":{"start":{"line":89,"column":12},"end":{"line":107,"column":13},"skip":true},"21":{"start":{"line":92,"column":16},"end":{"line":102,"column":17},"skip":true},"22":{"start":{"line":93,"column":20},"end":{"line":93,"column":86},"skip":true},"23":{"start":{"line":94,"column":20},"end":{"line":95,"column":45},"skip":true},"24":{"start":{"line":96,"column":20},"end":{"line":96,"column":42},"skip":true},"25":{"start":{"line":97,"column":20},"end":{"line":97,"column":48},"skip":true},"26":{"start":{"line":100,"column":20},"end":{"line":100,"column":85},"skip":true},"27":{"start":{"line":101,"column":20},"end":{"line":101,"column":96},"skip":true},"28":{"start":{"line":103,"column":16},"end":{"line":103,"column":22},"skip":true},"29":{"start":{"line":106,"column":16},"end":{"line":106,"column":22},"skip":true},"30":{"start":{"line":108,"column":12},"end":{"line":120,"column":13},"skip":true},"31":{"start":{"line":114,"column":16},"end":{"line":119,"column":17},"skip":true},"32":{"start":{"line":116,"column":20},"end":{"line":116,"column":78},"skip":true},"33":{"start":{"line":118,"column":20},"end":{"line":118,"column":47},"skip":true},"34":{"start":{"line":123,"column":8},"end":{"line":141,"column":11},"skip":true},"35":{"start":{"line":124,"column":12},"end":{"line":124,"column":54},"skip":true},"36":{"start":{"line":125,"column":12},"end":{"line":140,"column":14},"skip":true},"37":{"start":{"line":126,"column":16},"end":{"line":126,"column":28},"skip":true},"38":{"start":{"line":127,"column":16},"end":{"line":127,"column":69},"skip":true},"39":{"start":{"line":128,"column":16},"end":{"line":128,"column":75},"skip":true},"40":{"start":{"line":129,"column":16},"end":{"line":131,"column":17},"skip":true},"41":{"start":{"line":130,"column":20},"end":{"line":130,"column":27},"skip":true},"42":{"start":{"line":133,"column":16},"end":{"line":137,"column":36},"skip":true},"43":{"start":{"line":134,"column":20},"end":{"line":136,"column":55},"skip":true},"44":{"start":{"line":139,"column":16},"end":{"line":139,"column":57},"skip":true},"45":{"start":{"line":143,"column":8},"end":{"line":147,"column":11},"skip":true},"46":{"start":{"line":144,"column":12},"end":{"line":146,"column":15},"skip":true},"47":{"start":{"line":145,"column":16},"end":{"line":145,"column":70},"skip":true},"48":{"start":{"line":149,"column":8},"end":{"line":149,"column":31},"skip":true},"49":{"start":{"line":150,"column":8},"end":{"line":150,"column":14},"skip":true},"50":{"start":{"line":158,"column":8},"end":{"line":158,"column":31},"skip":true},"51":{"start":{"line":160,"column":8},"end":{"line":160,"column":33},"skip":true},"52":{"start":{"line":161,"column":8},"end":{"line":161,"column":37},"skip":true},"53":{"start":{"line":162,"column":8},"end":{"line":162,"column":35},"skip":true},"54":{"start":{"line":164,"column":8},"end":{"line":164,"column":50},"skip":true},"55":{"start":{"line":166,"column":8},"end":{"line":256,"column":2},"skip":true},"56":{"start":{"line":258,"column":8},"end":{"line":286,"column":9},"skip":true},"57":{"start":{"line":259,"column":12},"end":{"line":269,"column":14},"skip":true},"58":{"start":{"line":271,"column":12},"end":{"line":285,"column":19},"skip":true},"59":{"start":{"line":274,"column":20},"end":{"line":274,"column":35},"skip":true},"60":{"start":{"line":275,"column":20},"end":{"line":284,"column":21},"skip":true},"61":{"start":{"line":277,"column":24},"end":{"line":277,"column":64},"skip":true},"62":{"start":{"line":279,"column":24},"end":{"line":279,"column":40},"skip":true},"63":{"start":{"line":281,"column":24},"end":{"line":281,"column":40},"skip":true},"64":{"start":{"line":283,"column":24},"end":{"line":283,"column":39},"skip":true},"65":{"start":{"line":288,"column":8},"end":{"line":290,"column":9},"skip":true},"66":{"start":{"line":289,"column":12},"end":{"line":289,"column":18},"skip":true},"67":{"start":{"line":291,"column":8},"end":{"line":293,"column":54},"skip":true},"68":{"start":{"line":296,"column":8},"end":{"line":301,"column":37},"skip":true},"69":{"start":{"line":303,"column":8},"end":{"line":303,"column":82},"skip":true},"70":{"start":{"line":306,"column":8},"end":{"line":308,"column":9},"skip":true},"71":{"start":{"line":307,"column":12},"end":{"line":307,"column":82},"skip":true},"72":{"start":{"line":310,"column":8},"end":{"line":312,"column":9},"skip":true},"73":{"start":{"line":311,"column":12},"end":{"line":311,"column":18},"skip":true},"74":{"start":{"line":313,"column":8},"end":{"line":313,"column":54},"skip":true},"75":{"start":{"line":314,"column":8},"end":{"line":314,"column":69},"skip":true},"76":{"start":{"line":315,"column":8},"end":{"line":323,"column":36},"skip":true},"77":{"start":{"line":316,"column":12},"end":{"line":316,"column":61},"skip":true},"78":{"start":{"line":317,"column":12},"end":{"line":320,"column":13},"skip":true},"79":{"start":{"line":318,"column":16},"end":{"line":318,"column":75},"skip":true},"80":{"start":{"line":319,"column":16},"end":{"line":319,"column":23},"skip":true},"81":{"start":{"line":321,"column":12},"end":{"line":321,"column":38},"skip":true},"82":{"start":{"line":322,"column":12},"end":{"line":322,"column":27},"skip":true},"83":{"start":{"line":324,"column":8},"end":{"line":324,"column":14},"skip":true}},"branchMap":{"1":{"line":39,"type":"binary-expr","locations":[{"start":{"line":39,"column":23},"end":{"line":39,"column":62}},{"start":{"line":40,"column":20},"end":{"line":40,"column":70}},{"start":{"line":41,"column":20},"end":{"line":41,"column":71}},{"start":{"line":42,"column":20},"end":{"line":42,"column":29}}]},"2":{"line":44,"type":"binary-expr","locations":[{"start":{"line":44,"column":23},"end":{"line":44,"column":37}},{"start":{"line":45,"column":20},"end":{"line":45,"column":61}},{"start":{"line":46,"column":20},"end":{"line":46,"column":70}},{"start":{"line":47,"column":20},"end":{"line":47,"column":26}}]},"3":{"line":51,"type":"cond-expr","locations":[{"start":{"line":52,"column":14},"end":{"line":52,"column":20}},{"start":{"line":53,"column":14},"end":{"line":53,"column":20}}]},"4":{"line":55,"type":"binary-expr","locations":[{"start":{"line":55,"column":16},"end":{"line":55,"column":44}},{"start":{"line":55,"column":49},"end":{"line":57,"column":43}}]},"5":{"line":55,"type":"cond-expr","locations":[{"start":{"line":56,"column":14},"end":{"line":56,"column":51}},{"start":{"line":57,"column":14},"end":{"line":57,"column":43}}]},"6":{"line":61,"type":"switch","locations":[{"start":{"line":68,"column":4},"end":{"line":150,"column":14},"skip":true},{"start":{"line":156,"column":4},"end":{"line":324,"column":14},"skip":true}]},"7":{"line":70,"type":"if","locations":[{"start":{"line":70,"column":12},"end":{"line":70,"column":12},"skip":true},{"start":{"line":70,"column":12},"end":{"line":70,"column":12},"skip":true}]},"8":{"line":70,"type":"binary-expr","locations":[{"start":{"line":70,"column":16},"end":{"line":70,"column":22},"skip":true},{"start":{"line":70,"column":27},"end":{"line":70,"column":32},"skip":true},{"start":{"line":71,"column":20},"end":{"line":71,"column":39},"skip":true},{"start":{"line":72,"column":20},"end":{"line":72,"column":49},"skip":true},{"start":{"line":73,"column":20},"end":{"line":73,"column":58},"skip":true},{"start":{"line":74,"column":20},"end":{"line":74,"column":69},"skip":true}]},"9":{"line":79,"type":"switch","locations":[{"start":{"line":80,"column":20},"end":{"line":80,"column":33},"skip":true},{"start":{"line":81,"column":20},"end":{"line":83,"column":30},"skip":true},{"start":{"line":84,"column":20},"end":{"line":85,"column":49},"skip":true}]},"10":{"line":89,"type":"switch","locations":[{"start":{"line":90,"column":12},"end":{"line":103,"column":22},"skip":true},{"start":{"line":105,"column":12},"end":{"line":106,"column":22},"skip":true}]},"11":{"line":89,"type":"binary-expr","locations":[{"start":{"line":89,"column":20},"end":{"line":89,"column":25},"skip":true},{"start":{"line":89,"column":29},"end":{"line":89,"column":48},"skip":true},{"start":{"line":89,"column":52},"end":{"line":89,"column":74},"skip":true}]},"12":{"line":92,"type":"if","locations":[{"start":{"line":92,"column":16},"end":{"line":92,"column":16},"skip":true},{"start":{"line":92,"column":16},"end":{"line":92,"column":16},"skip":true}]},"13":{"line":108,"type":"if","locations":[{"start":{"line":108,"column":12},"end":{"line":108,"column":12},"skip":true},{"start":{"line":108,"column":12},"end":{"line":108,"column":12},"skip":true}]},"14":{"line":108,"type":"binary-expr","locations":[{"start":{"line":108,"column":16},"end":{"line":108,"column":61},"skip":true},{"start":{"line":108,"column":66},"end":{"line":108,"column":72},"skip":true},{"start":{"line":108,"column":77},"end":{"line":108,"column":82},"skip":true},{"start":{"line":109,"column":20},"end":{"line":109,"column":39},"skip":true},{"start":{"line":110,"column":20},"end":{"line":110,"column":49},"skip":true},{"start":{"line":111,"column":20},"end":{"line":111,"column":58},"skip":true},{"start":{"line":112,"column":20},"end":{"line":112,"column":68},"skip":true}]},"15":{"line":129,"type":"if","locations":[{"start":{"line":129,"column":16},"end":{"line":129,"column":16},"skip":true},{"start":{"line":129,"column":16},"end":{"line":129,"column":16},"skip":true}]},"16":{"line":134,"type":"cond-expr","locations":[{"start":{"line":135,"column":26},"end":{"line":135,"column":29},"skip":true},{"start":{"line":136,"column":26},"end":{"line":136,"column":54},"skip":true}]},"17":{"line":164,"type":"binary-expr","locations":[{"start":{"line":164,"column":27},"end":{"line":164,"column":43},"skip":true},{"start":{"line":164,"column":47},"end":{"line":164,"column":49},"skip":true}]},"18":{"line":258,"type":"if","locations":[{"start":{"line":258,"column":8},"end":{"line":258,"column":8},"skip":true},{"start":{"line":258,"column":8},"end":{"line":258,"column":8},"skip":true}]},"19":{"line":275,"type":"switch","locations":[{"start":{"line":276,"column":20},"end":{"line":277,"column":64},"skip":true},{"start":{"line":278,"column":20},"end":{"line":279,"column":40},"skip":true},{"start":{"line":280,"column":20},"end":{"line":281,"column":40},"skip":true},{"start":{"line":282,"column":20},"end":{"line":283,"column":39},"skip":true}]},"20":{"line":288,"type":"if","locations":[{"start":{"line":288,"column":8},"end":{"line":288,"column":8},"skip":true},{"start":{"line":288,"column":8},"end":{"line":288,"column":8},"skip":true}]},"21":{"line":288,"type":"binary-expr","locations":[{"start":{"line":288,"column":12},"end":{"line":288,"column":40},"skip":true},{"start":{"line":288,"column":44},"end":{"line":288,"column":67},"skip":true}]},"22":{"line":292,"type":"binary-expr","locations":[{"start":{"line":292,"column":12},"end":{"line":292,"column":50},"skip":true},{"start":{"line":293,"column":12},"end":{"line":293,"column":53},"skip":true}]},"23":{"line":297,"type":"binary-expr","locations":[{"start":{"line":297,"column":12},"end":{"line":297,"column":65},"skip":true},{"start":{"line":298,"column":12},"end":{"line":301,"column":36},"skip":true}]},"24":{"line":303,"type":"binary-expr","locations":[{"start":{"line":303,"column":43},"end":{"line":303,"column":75},"skip":true},{"start":{"line":303,"column":79},"end":{"line":303,"column":81},"skip":true}]},"25":{"line":306,"type":"if","locations":[{"start":{"line":306,"column":8},"end":{"line":306,"column":8},"skip":true},{"start":{"line":306,"column":8},"end":{"line":306,"column":8},"skip":true}]},"26":{"line":310,"type":"if","locations":[{"start":{"line":310,"column":8},"end":{"line":310,"column":8},"skip":true},{"start":{"line":310,"column":8},"end":{"line":310,"column":8},"skip":true}]},"27":{"line":313,"type":"binary-expr","locations":[{"start":{"line":313,"column":27},"end":{"line":313,"column":43},"skip":true},{"start":{"line":313,"column":47},"end":{"line":313,"column":53},"skip":true}]},"28":{"line":317,"type":"if","locations":[{"start":{"line":317,"column":12},"end":{"line":317,"column":12},"skip":true},{"start":{"line":317,"column":12},"end":{"line":317,"column":12},"skip":true}]}},"code":["/*","example.js","","quickstart example","","instruction","    1. save this script as example.js","    2. run the shell command:","        $ npm install npmtest-unirest && PORT=8081 node example.js","    3. play with the browser-demo on http://127.0.0.1:8081","*/","","","","/* istanbul instrument in package npmtest_unirest */","/*jslint","    bitwise: true,","    browser: true,","    maxerr: 8,","    maxlen: 96,","    node: true,","    nomen: true,","    regexp: true,","    stupid: true","*/","(function () {","    'use strict';","    var local;","","","","    // run shared js-env code - pre-init","    (function () {","        // init local","        local = {};","        // init modeJs","        local.modeJs = (function () {","            try {","                return typeof navigator.userAgent === 'string' &&","                    typeof document.querySelector('body') === 'object' &&","                    typeof XMLHttpRequest.prototype.open === 'function' &&","                    'browser';","            } catch (errorCaughtBrowser) {","                return module.exports &&","                    typeof process.versions.node === 'string' &&","                    typeof require('http').createServer === 'function' &&","                    'node';","            }","        }());","        // init global","        local.global = local.modeJs === 'browser'","            ? window","            : global;","        // init utility2_rollup","        local = local.global.utility2_rollup || (local.modeJs === 'browser'","            ? local.global.utility2_npmtest_unirest","            : global.utility2_moduleExports);","        // export local","        local.global.local = local;","    }());","    switch (local.modeJs) {","","","","    // post-init","    // run browser js-env code - post-init","    /* istanbul ignore next */","    case 'browser':","        local.testRunBrowser = function (event) {","            if (!event || (event &&","                    event.currentTarget &&","                    event.currentTarget.className &&","                    event.currentTarget.className.includes &&","                    event.currentTarget.className.includes('onreset'))) {","                // reset output","                Array.from(","                    document.querySelectorAll('body > .resettable')","                ).forEach(function (element) {","                    switch (element.tagName) {","                    case 'INPUT':","                    case 'TEXTAREA':","                        element.value = '';","                        break;","                    default:","                        element.textContent = '';","                    }","                });","            }","            switch (event && event.currentTarget && event.currentTarget.id) {","            case 'testRunButton1':","                // show tests","                if (document.querySelector('#testReportDiv1').style.display === 'none') {","                    document.querySelector('#testReportDiv1').style.display = 'block';","                    document.querySelector('#testRunButton1').textContent =","                        'hide internal test';","                    local.modeTest = true;","                    local.testRunDefault(local);","                // hide tests","                } else {","                    document.querySelector('#testReportDiv1').style.display = 'none';","                    document.querySelector('#testRunButton1').textContent = 'run internal test';","                }","                break;","            // custom-case","            default:","                break;","            }","            if (document.querySelector('#inputTextareaEval1') && (!event || (event &&","                    event.currentTarget &&","                    event.currentTarget.className &&","                    event.currentTarget.className.includes &&","                    event.currentTarget.className.includes('oneval')))) {","                // try to eval input-code","                try {","                    /*jslint evil: true*/","                    eval(document.querySelector('#inputTextareaEval1').value);","                } catch (errorCaught) {","                    console.error(errorCaught);","                }","            }","        };","        // log stderr and stdout to #outputTextareaStdout1","        ['error', 'log'].forEach(function (key) {","            console[key + '_original'] = console[key];","            console[key] = function () {","                var element;","                console[key + '_original'].apply(console, arguments);","                element = document.querySelector('#outputTextareaStdout1');","                if (!element) {","                    return;","                }","                // append text to #outputTextareaStdout1","                element.value += Array.from(arguments).map(function (arg) {","                    return typeof arg === 'string'","                        ? arg","                        : JSON.stringify(arg, null, 4);","                }).join(' ') + '\\n';","                // scroll textarea to bottom","                element.scrollTop = element.scrollHeight;","            };","        });","        // init event-handling","        ['change', 'click', 'keyup'].forEach(function (event) {","            Array.from(document.querySelectorAll('.on' + event)).forEach(function (element) {","                element.addEventListener(event, local.testRunBrowser);","            });","        });","        // run tests","        local.testRunBrowser();","        break;","","","","    // run node js-env code - post-init","    /* istanbul ignore next */","    case 'node':","        // export local","        module.exports = local;","        // require modules","        local.fs = require('fs');","        local.http = require('http');","        local.url = require('url');","        // init assets","        local.assetsDict = local.assetsDict || {};","        /* jslint-ignore-begin */","        local.assetsDict['/assets.index.template.html'] = '\\","<!doctype html>\\n\\","<html lang=\"en\">\\n\\","<head>\\n\\","<meta charset=\"UTF-8\">\\n\\","<meta name=\"viewport\" content=\"width=device-width, initial-scale=1\">\\n\\","<title>{{env.npm_package_name}} (v{{env.npm_package_version}})</title>\\n\\","<style>\\n\\","/*csslint\\n\\","    box-sizing: false,\\n\\","    universal-selector: false\\n\\","*/\\n\\","* {\\n\\","    box-sizing: border-box;\\n\\","}\\n\\","body {\\n\\","    background: #dde;\\n\\","    font-family: Arial, Helvetica, sans-serif;\\n\\","    margin: 2rem;\\n\\","}\\n\\","body > * {\\n\\","    margin-bottom: 1rem;\\n\\","}\\n\\",".utility2FooterDiv {\\n\\","    margin-top: 20px;\\n\\","    text-align: center;\\n\\","}\\n\\","</style>\\n\\","<style>\\n\\","/*csslint\\n\\","*/\\n\\","textarea {\\n\\","    font-family: monospace;\\n\\","    height: 10rem;\\n\\","    width: 100%;\\n\\","}\\n\\","textarea[readonly] {\\n\\","    background: #ddd;\\n\\","}\\n\\","</style>\\n\\","</head>\\n\\","<body>\\n\\","<!-- utility2-comment\\n\\","<div id=\"ajaxProgressDiv1\" style=\"background: #d00; height: 2px; left: 0; margin: 0; padding: 0; position: fixed; top: 0; transition: background 0.5s, width 1.5s; width: 25%;\"></div>\\n\\","utility2-comment -->\\n\\","<h1>\\n\\","<!-- utility2-comment\\n\\","    <a\\n\\","        {{#if env.npm_package_homepage}}\\n\\","        href=\"{{env.npm_package_homepage}}\"\\n\\","        {{/if env.npm_package_homepage}}\\n\\","        target=\"_blank\"\\n\\","    >\\n\\","utility2-comment -->\\n\\","        {{env.npm_package_name}} (v{{env.npm_package_version}})\\n\\","<!-- utility2-comment\\n\\","    </a>\\n\\","utility2-comment -->\\n\\","</h1>\\n\\","<h3>{{env.npm_package_description}}</h3>\\n\\","<!-- utility2-comment\\n\\","<h4><a download href=\"assets.app.js\">download standalone app</a></h4>\\n\\","<button class=\"onclick onreset\" id=\"testRunButton1\">run internal test</button><br>\\n\\","<div id=\"testReportDiv1\" style=\"display: none;\"></div>\\n\\","utility2-comment -->\\n\\","\\n\\","\\n\\","\\n\\","<label>stderr and stdout</label>\\n\\","<textarea class=\"resettable\" id=\"outputTextareaStdout1\" readonly></textarea>\\n\\","<!-- utility2-comment\\n\\","{{#if isRollup}}\\n\\","<script src=\"assets.app.js\"></script>\\n\\","{{#unless isRollup}}\\n\\","utility2-comment -->\\n\\","<script src=\"assets.utility2.rollup.js\"></script>\\n\\","<script src=\"jsonp.utility2._stateInit?callback=window.utility2._stateInit\"></script>\\n\\","<script src=\"assets.npmtest_unirest.rollup.js\"></script>\\n\\","<script src=\"assets.example.js\"></script>\\n\\","<script src=\"assets.test.js\"></script>\\n\\","<!-- utility2-comment\\n\\","{{/if isRollup}}\\n\\","utility2-comment -->\\n\\","<div class=\"utility2FooterDiv\">\\n\\","    [ this app was created with\\n\\","    <a href=\"https://github.com/kaizhu256/node-utility2\" target=\"_blank\">utility2</a>\\n\\","    ]\\n\\","</div>\\n\\","</body>\\n\\","</html>\\n\\","';","        /* jslint-ignore-end */","        if (local.templateRender) {","            local.assetsDict['/'] = local.templateRender(","                local.assetsDict['/assets.index.template.html'],","                {","                    env: local.objectSetDefault(local.env, {","                        npm_package_description: 'the greatest app in the world!',","                        npm_package_name: 'my-app',","                        npm_package_nameAlias: 'my_app',","                        npm_package_version: '0.0.1'","                    })","                }","            );","        } else {","            local.assetsDict['/'] = local.assetsDict['/assets.index.template.html']","                .replace((/\\{\\{env\\.(\\w+?)\\}\\}/g), function (match0, match1) {","                    // jslint-hack","                    String(match0);","                    switch (match1) {","                    case 'npm_package_description':","                        return 'the greatest app in the world!';","                    case 'npm_package_name':","                        return 'my-app';","                    case 'npm_package_nameAlias':","                        return 'my_app';","                    case 'npm_package_version':","                        return '0.0.1';","                    }","                });","        }","        // run the cli","        if (local.global.utility2_rollup || module !== require.main) {","            break;","        }","        local.assetsDict['/assets.example.js'] =","            local.assetsDict['/assets.example.js'] ||","            local.fs.readFileSync(__filename, 'utf8');","        // bug-workaround - long $npm_package_buildCustomOrg","        /* jslint-ignore-begin */","        local.assetsDict['/assets.npmtest_unirest.rollup.js'] =","            local.assetsDict['/assets.npmtest_unirest.rollup.js'] ||","            local.fs.readFileSync(","                local.npmtest_unirest.__dirname + '/lib.npmtest_unirest.js',","                'utf8'","            ).replace((/^#!/), '//');","        /* jslint-ignore-end */","        local.assetsDict['/favicon.ico'] = local.assetsDict['/favicon.ico'] || '';","        // if $npm_config_timeout_exit exists,","        // then exit this process after $npm_config_timeout_exit ms","        if (Number(process.env.npm_config_timeout_exit)) {","            setTimeout(process.exit, Number(process.env.npm_config_timeout_exit));","        }","        // start server","        if (local.global.utility2_serverHttp1) {","            break;","        }","        process.env.PORT = process.env.PORT || '8081';","        console.error('server starting on port ' + process.env.PORT);","        local.http.createServer(function (request, response) {","            request.urlParsed = local.url.parse(request.url);","            if (local.assetsDict[request.urlParsed.pathname] !== undefined) {","                response.end(local.assetsDict[request.urlParsed.pathname]);","                return;","            }","            response.statusCode = 404;","            response.end();","        }).listen(process.env.PORT);","        break;","    }","}());",""],"l":{"26":2,"28":2,"33":2,"35":2,"37":2,"38":2,"39":2,"44":1,"51":2,"55":2,"59":2,"61":2,"69":1,"70":2,"76":2,"79":2,"82":2,"83":2,"85":1,"89":2,"92":1,"93":1,"94":1,"96":1,"97":1,"100":1,"101":1,"103":1,"106":1,"108":2,"114":1,"116":1,"118":1,"123":1,"124":2,"125":2,"126":3,"127":3,"128":3,"129":3,"130":1,"133":3,"134":3,"139":3,"143":1,"144":3,"145":1,"149":1,"150":1,"158":1,"160":1,"161":1,"162":1,"164":1,"166":1,"258":1,"259":1,"271":1,"274":6,"275":6,"277":1,"279":2,"281":1,"283":2,"288":1,"289":1,"291":1,"296":1,"303":1,"306":1,"307":1,"310":1,"311":1,"313":1,"314":1,"315":1,"316":1,"317":1,"318":1,"319":1,"321":1,"322":1,"324":1}},"/home/travis/build/npmtest/node-npmtest-unirest/node_modules/unirest/index.js":{"path":"/home/travis/build/npmtest/node-npmtest-unirest/node_modules/unirest/index.js","s":{"1":1,"2":1,"3":1,"4":1,"5":1,"6":1,"7":1,"8":1,"9":1,"10":1,"11":1,"12":7,"13":0,"14":0,"15":0,"16":0,"17":0,"18":0,"19":0,"20":0,"21":0,"22":0,"23":0,"24":0,"25":0,"26":0,"27":0,"28":0,"29":0,"30":0,"31":0,"32":0,"33":0,"34":0,"35":0,"36":0,"37":0,"38":0,"39":0,"40":0,"41":0,"42":0,"43":0,"44":0,"45":0,"46":0,"47":0,"48":0,"49":0,"50":0,"51":0,"52":0,"53":0,"54":0,"55":0,"56":0,"57":0,"58":0,"59":0,"60":0,"61":0,"62":0,"63":0,"64":0,"65":0,"66":0,"67":0,"68":0,"69":0,"70":0,"71":0,"72":0,"73":0,"74":0,"75":0,"76":0,"77":0,"78":0,"79":0,"80":0,"81":0,"82":0,"83":0,"84":0,"85":0,"86":0,"87":0,"88":1,"89":0,"90":0,"91":0,"92":0,"93":0,"94":0,"95":0,"96":0,"97":0,"98":0,"99":0,"100":0,"101":0,"102":0,"103":0,"104":0,"105":0,"106":0,"107":0,"108":0,"109":0,"110":0,"111":0,"112":0,"113":0,"114":0,"115":0,"116":0,"117":0,"118":0,"119":0,"120":0,"121":0,"122":0,"123":0,"124":0,"125":1,"126":0,"127":0,"128":0,"129":0,"130":0,"131":0,"132":0,"133":0,"134":0,"135":0,"136":0,"137":0,"138":0,"139":0,"140":0,"141":0,"142":0,"143":0,"144":0,"145":0,"146":0,"147":0,"148":0,"149":0,"150":0,"151":0,"152":1,"153":0,"154":0,"155":0,"156":0,"157":0,"158":0,"159":0,"160":0,"161":0,"162":0,"163":0,"164":0,"165":0,"166":0,"167":0,"168":0,"169":0,"170":0,"171":0,"172":0,"173":0,"174":0,"175":0,"176":0,"177":0,"178":0,"179":0,"180":0,"181":1,"182":0,"183":0,"184":0,"185":0,"186":0,"187":0,"188":0,"189":0,"190":0,"191":0,"192":0,"193":0,"194":0,"195":0,"196":0,"197":1,"198":0,"199":0,"200":0,"201":0,"202":0,"203":0,"204":0,"205":0,"206":0,"207":0,"208":0,"209":0,"210":0,"211":0,"212":0,"213":0,"214":0,"215":0,"216":0,"217":0,"218":0,"219":0,"220":0,"221":0,"222":0,"223":0,"224":0,"225":0,"226":0,"227":0,"228":1,"229":0,"230":0,"231":0,"232":0,"233":0,"234":0,"235":0,"236":0,"237":0,"238":0,"239":0,"240":0,"241":0,"242":0,"243":0,"244":0,"245":0,"246":1,"247":0,"248":0,"249":0,"250":0,"251":0,"252":0,"253":0,"254":1,"255":0,"256":0,"257":0,"258":0,"259":0,"260":0,"261":0,"262":0,"263":0,"264":0,"265":0,"266":0,"267":0,"268":0,"269":0,"270":0,"271":0,"272":0,"273":0,"274":0,"275":0,"276":0,"277":0,"278":7,"279":1,"280":1,"281":1,"282":1,"283":0,"284":0,"285":0,"286":1,"287":0,"288":0,"289":1,"290":0,"291":0,"292":0,"293":0,"294":0,"295":0,"296":0,"297":0,"298":0,"299":0,"300":0,"301":0,"302":1,"303":0,"304":0,"305":1,"306":0,"307":0,"308":0,"309":0,"310":0,"311":0,"312":0,"313":0,"314":1,"315":0,"316":0,"317":0,"318":0,"319":0,"320":0,"321":0,"322":0,"323":0,"324":0,"325":0,"326":0,"327":0,"328":0,"329":0,"330":0,"331":1,"332":0,"333":0,"334":0,"335":0,"336":0,"337":0,"338":0,"339":0,"340":0,"341":1,"342":1,"343":0,"344":0,"345":0,"346":0,"347":0,"348":0,"349":0,"350":1,"351":0,"352":1,"353":7,"354":1,"355":7,"356":7,"357":1,"358":0,"359":0,"360":0,"361":0,"362":0,"363":1,"364":0,"365":0,"366":0,"367":0,"368":0,"369":0,"370":0,"371":0,"372":0,"373":0,"374":0,"375":0,"376":0,"377":0,"378":0,"379":0,"380":0,"381":0,"382":0,"383":0,"384":0,"385":0,"386":0,"387":0,"388":0,"389":0,"390":0,"391":1},"b":{"1":[0,0],"2":[0,0],"3":[0,0],"4":[0,0],"5":[0,0],"6":[0,0],"7":[0,0],"8":[0,0],"9":[0,0],"10":[0,0],"11":[0,0],"12":[0,0],"13":[0,0,0],"14":[0,0],"15":[0,0],"16":[0,0],"17":[0,0],"18":[0,0],"19":[0,0],"20":[0,0],"21":[0,0],"22":[0,0],"23":[0,0],"24":[0,0],"25":[0,0],"26":[0,0],"27":[0,0],"28":[0,0],"29":[0,0],"30":[0,0],"31":[0,0],"32":[0,0],"33":[0,0],"34":[0,0],"35":[0,0],"36":[0,0],"37":[0,0],"38":[0,0],"39":[0,0],"40":[0,0],"41":[0,0,0],"42":[0,0],"43":[0,0],"44":[0,0],"45":[0,0],"46":[0,0],"47":[0,0],"48":[0,0],"49":[0,0],"50":[0,0],"51":[0,0],"52":[0,0],"53":[0,0],"54":[0,0],"55":[0,0],"56":[0,0],"57":[0,0],"58":[0,0],"59":[0,0],"60":[0,0],"61":[0,0],"62":[0,0],"63":[0,0],"64":[0,0],"65":[0,0],"66":[0,0],"67":[0,0],"68":[0,0],"69":[0,0],"70":[0,0],"71":[0,0],"72":[0,0],"73":[0,0],"74":[0,0],"75":[0,0],"76":[0,0],"77":[0,0],"78":[0,0],"79":[0,0],"80":[0,0],"81":[0,0],"82":[0,0],"83":[0,0],"84":[0,0],"85":[0,0],"86":[0,0],"87":[0,0],"88":[0,0],"89":[0,0],"90":[0,0],"91":[0,0],"92":[0,0],"93":[0,0],"94":[0,0],"95":[0,0],"96":[0,0],"97":[0,7],"98":[0,0],"99":[0,0],"100":[0,0],"101":[1,0],"102":[0,0],"103":[0,0],"104":[0,0],"105":[0,0],"106":[0,0],"107":[0,0],"108":[0,0],"109":[0,0],"110":[0,0],"111":[0,0],"112":[0,0],"113":[0,0],"114":[0,0],"115":[0,0],"116":[0,0],"117":[0,0],"118":[0,0],"119":[0,0],"120":[0,0],"121":[0,0],"122":[0,0],"123":[0,0]},"f":{"1":7,"2":0,"3":0,"4":0,"5":0,"6":0,"7":0,"8":0,"9":0,"10":0,"11":0,"12":0,"13":0,"14":0,"15":0,"16":0,"17":0,"18":0,"19":0,"20":0,"21":0,"22":0,"23":0,"24":0,"25":0,"26":0,"27":0,"28":0,"29":0,"30":0,"31":0,"32":0,"33":0,"34":0,"35":0,"36":0,"37":0,"38":0,"39":0,"40":0,"41":0,"42":0,"43":0,"44":0,"45":0,"46":0,"47":0,"48":0,"49":7,"50":0,"51":0,"52":0,"53":0,"54":0,"55":0,"56":0,"57":0},"fnMap":{"1":{"name":"(anonymous_1)","line":35,"loc":{"start":{"line":35,"column":14},"end":{"line":35,"column":62}}},"2":{"name":"(anonymous_2)","line":36,"loc":{"start":{"line":36,"column":16},"end":{"line":36,"column":56}}},"3":{"name":"(anonymous_3)","line":89,"loc":{"start":{"line":89,"column":17},"end":{"line":89,"column":33}}},"4":{"name":"(anonymous_4)","line":95,"loc":{"start":{"line":95,"column":39},"end":{"line":95,"column":57}}},"5":{"name":"(anonymous_5)","line":113,"loc":{"start":{"line":113,"column":14},"end":{"line":113,"column":26}}},"6":{"name":"(anonymous_6)","line":125,"loc":{"start":{"line":125,"column":13},"end":{"line":125,"column":45}}},"7":{"name":"(anonymous_7)","line":136,"loc":{"start":{"line":136,"column":14},"end":{"line":136,"column":45}}},"8":{"name":"(anonymous_8)","line":150,"loc":{"start":{"line":150,"column":16},"end":{"line":150,"column":48}}},"9":{"name":"(anonymous_9)","line":170,"loc":{"start":{"line":170,"column":12},"end":{"line":170,"column":55}}},"10":{"name":"(anonymous_10)","line":187,"loc":{"start":{"line":187,"column":14},"end":{"line":187,"column":38}}},"11":{"name":"(anonymous_11)","line":210,"loc":{"start":{"line":210,"column":13},"end":{"line":210,"column":30}}},"12":{"name":"(anonymous_12)","line":223,"loc":{"start":{"line":223,"column":12},"end":{"line":223,"column":28}}},"13":{"name":"(anonymous_13)","line":241,"loc":{"start":{"line":241,"column":12},"end":{"line":241,"column":28}}},"14":{"name":"(anonymous_14)","line":306,"loc":{"start":{"line":306,"column":12},"end":{"line":306,"column":31}}},"15":{"name":"(anonymous_15)","line":338,"loc":{"start":{"line":338,"column":11},"end":{"line":338,"column":31}}},"16":{"name":"handleRequestResponse","line":344,"loc":{"start":{"line":344,"column":8},"end":{"line":344,"column":63}}},"17":{"name":"generateErrorMessage","line":397,"loc":{"start":{"line":397,"column":55},"end":{"line":397,"column":88}}},"18":{"name":"(anonymous_18)","line":413,"loc":{"start":{"line":413,"column":26},"end":{"line":413,"column":42}}},"19":{"name":"setCookie","line":417,"loc":{"start":{"line":417,"column":10},"end":{"line":417,"column":38}}},"20":{"name":"handleGZIPResponse","line":466,"loc":{"start":{"line":466,"column":8},"end":{"line":466,"column":47}}},"21":{"name":"(anonymous_21)","line":477,"loc":{"start":{"line":477,"column":30},"end":{"line":477,"column":47}}},"22":{"name":"(anonymous_22)","line":491,"loc":{"start":{"line":491,"column":35},"end":{"line":491,"column":51}}},"23":{"name":"(anonymous_23)","line":496,"loc":{"start":{"line":496,"column":29},"end":{"line":496,"column":47}}},"24":{"name":"(anonymous_24)","line":503,"loc":{"start":{"line":503,"column":28},"end":{"line":503,"column":40}}},"25":{"name":"(anonymous_25)","line":507,"loc":{"start":{"line":507,"column":26},"end":{"line":507,"column":48}}},"26":{"name":"handleFormData","line":519,"loc":{"start":{"line":519,"column":8},"end":{"line":519,"column":39}}},"27":{"name":"authn","line":548,"loc":{"start":{"line":548,"column":10},"end":{"line":548,"column":31}}},"28":{"name":"(anonymous_28)","line":565,"loc":{"start":{"line":565,"column":13},"end":{"line":565,"column":40}}},"29":{"name":"(anonymous_29)","line":583,"loc":{"start":{"line":583,"column":32},"end":{"line":583,"column":49}}},"30":{"name":"(anonymous_30)","line":589,"loc":{"start":{"line":589,"column":31},"end":{"line":589,"column":43}}},"31":{"name":"handleField","line":645,"loc":{"start":{"line":645,"column":4},"end":{"line":645,"column":48}}},"32":{"name":"handleFieldValue","line":680,"loc":{"start":{"line":680,"column":4},"end":{"line":680,"column":38}}},"33":{"name":"setupOption","line":694,"loc":{"start":{"line":694,"column":4},"end":{"line":694,"column":37}}},"34":{"name":"(anonymous_34)","line":695,"loc":{"start":{"line":695,"column":20},"end":{"line":695,"column":35}}},"35":{"name":"(anonymous_35)","line":749,"loc":{"start":{"line":749,"column":15},"end":{"line":749,"column":38}}},"36":{"name":"(anonymous_36)","line":760,"loc":{"start":{"line":760,"column":4},"end":{"line":760,"column":17}}},"37":{"name":"(anonymous_37)","line":761,"loc":{"start":{"line":761,"column":4},"end":{"line":761,"column":17}}},"38":{"name":"(anonymous_38)","line":769,"loc":{"start":{"line":769,"column":10},"end":{"line":769,"column":26}}},"39":{"name":"(anonymous_39)","line":784,"loc":{"start":{"line":784,"column":8},"end":{"line":784,"column":24}}},"40":{"name":"(anonymous_40)","line":799,"loc":{"start":{"line":799,"column":8},"end":{"line":799,"column":23}}},"41":{"name":"(anonymous_41)","line":803,"loc":{"start":{"line":803,"column":8},"end":{"line":803,"column":23}}},"42":{"name":"(anonymous_42)","line":814,"loc":{"start":{"line":814,"column":13},"end":{"line":814,"column":37}}},"43":{"name":"(anonymous_43)","line":819,"loc":{"start":{"line":819,"column":7},"end":{"line":819,"column":22}}},"44":{"name":"(anonymous_44)","line":834,"loc":{"start":{"line":834,"column":9},"end":{"line":834,"column":33}}},"45":{"name":"(anonymous_45)","line":839,"loc":{"start":{"line":839,"column":15},"end":{"line":839,"column":30}}},"46":{"name":"(anonymous_46)","line":923,"loc":{"start":{"line":923,"column":14},"end":{"line":923,"column":33}}},"47":{"name":"matches","line":988,"loc":{"start":{"line":988,"column":18},"end":{"line":988,"column":49}}},"48":{"name":"firstMatch","line":1012,"loc":{"start":{"line":1012,"column":21},"end":{"line":1012,"column":55}}},"49":{"name":"setupMethod","line":1021,"loc":{"start":{"line":1021,"column":0},"end":{"line":1021,"column":30}}},"50":{"name":"is","line":1036,"loc":{"start":{"line":1036,"column":0},"end":{"line":1036,"column":20}}},"51":{"name":"(anonymous_51)","line":1038,"loc":{"start":{"line":1038,"column":7},"end":{"line":1038,"column":24}}},"52":{"name":"does","line":1052,"loc":{"start":{"line":1052,"column":0},"end":{"line":1052,"column":22}}},"53":{"name":"(anonymous_53)","line":1053,"loc":{"start":{"line":1053,"column":38},"end":{"line":1053,"column":64}}},"54":{"name":"(anonymous_54)","line":1055,"loc":{"start":{"line":1055,"column":6},"end":{"line":1055,"column":32}}},"55":{"name":"(anonymous_55)","line":1064,"loc":{"start":{"line":1064,"column":15},"end":{"line":1064,"column":33}}},"56":{"name":"(anonymous_56)","line":1070,"loc":{"start":{"line":1070,"column":13},"end":{"line":1070,"column":31}}},"57":{"name":"(anonymous_57)","line":1076,"loc":{"start":{"line":1076,"column":13},"end":{"line":1076,"column":30}}}},"statementMap":{"1":{"start":{"line":13,"column":0},"end":{"line":13,"column":59}},"2":{"start":{"line":14,"column":0},"end":{"line":14,"column":40}},"3":{"start":{"line":15,"column":0},"end":{"line":15,"column":35}},"4":{"start":{"line":16,"column":0},"end":{"line":16,"column":30}},"5":{"start":{"line":17,"column":0},"end":{"line":17,"column":26}},"6":{"start":{"line":18,"column":0},"end":{"line":18,"column":26}},"7":{"start":{"line":19,"column":0},"end":{"line":19,"column":26}},"8":{"start":{"line":20,"column":0},"end":{"line":20,"column":24}},"9":{"start":{"line":21,"column":0},"end":{"line":21,"column":22}},"10":{"start":{"line":26,"column":0},"end":{"line":28,"column":2}},"11":{"start":{"line":35,"column":0},"end":{"line":733,"column":1}},"12":{"start":{"line":36,"column":2},"end":{"line":730,"column":3}},"13":{"start":{"line":37,"column":4},"end":{"line":604,"column":5}},"14":{"start":{"line":90,"column":8},"end":{"line":90,"column":19}},"15":{"start":{"line":91,"column":8},"end":{"line":91,"column":28}},"16":{"start":{"line":93,"column":8},"end":{"line":93,"column":33}},"17":{"start":{"line":94,"column":8},"end":{"line":94,"column":52}},"18":{"start":{"line":95,"column":8},"end":{"line":97,"column":10}},"19":{"start":{"line":96,"column":10},"end":{"line":96,"column":37}},"20":{"start":{"line":99,"column":8},"end":{"line":103,"column":9}},"21":{"start":{"line":100,"column":10},"end":{"line":102,"column":11}},"22":{"start":{"line":101,"column":12},"end":{"line":101,"column":29}},"23":{"start":{"line":105,"column":8},"end":{"line":105,"column":20}},"24":{"start":{"line":114,"column":8},"end":{"line":114,"column":28}},"25":{"start":{"line":115,"column":8},"end":{"line":115,"column":19}},"26":{"start":{"line":126,"column":8},"end":{"line":126,"column":48}},"27":{"start":{"line":137,"column":8},"end":{"line":137,"column":31}},"28":{"start":{"line":138,"column":8},"end":{"line":138,"column":33}},"29":{"start":{"line":139,"column":8},"end":{"line":139,"column":47}},"30":{"start":{"line":151,"column":8},"end":{"line":156,"column":10}},"31":{"start":{"line":171,"column":8},"end":{"line":175,"column":9}},"32":{"start":{"line":177,"column":8},"end":{"line":177,"column":20}},"33":{"start":{"line":188,"column":8},"end":{"line":196,"column":9}},"34":{"start":{"line":189,"column":10},"end":{"line":193,"column":11}},"35":{"start":{"line":190,"column":12},"end":{"line":192,"column":13}},"36":{"start":{"line":191,"column":14},"end":{"line":191,"column":43}},"37":{"start":{"line":195,"column":10},"end":{"line":195,"column":22}},"38":{"start":{"line":198,"column":8},"end":{"line":198,"column":55}},"39":{"start":{"line":199,"column":8},"end":{"line":199,"column":66}},"40":{"start":{"line":201,"column":8},"end":{"line":201,"column":20}},"41":{"start":{"line":211,"column":8},"end":{"line":211,"column":72}},"42":{"start":{"line":211,"column":33},"end":{"line":211,"column":72}},"43":{"start":{"line":212,"column":8},"end":{"line":212,"column":39}},"44":{"start":{"line":212,"column":27},"end":{"line":212,"column":39}},"45":{"start":{"line":213,"column":8},"end":{"line":213,"column":87}},"46":{"start":{"line":214,"column":8},"end":{"line":214,"column":20}},"47":{"start":{"line":224,"column":8},"end":{"line":226,"column":30}},"48":{"start":{"line":227,"column":8},"end":{"line":227,"column":20}},"49":{"start":{"line":242,"column":8},"end":{"line":242,"column":73}},"50":{"start":{"line":244,"column":8},"end":{"line":279,"column":9}},"51":{"start":{"line":245,"column":10},"end":{"line":263,"column":11}},"52":{"start":{"line":246,"column":12},"end":{"line":246,"column":30}},"53":{"start":{"line":247,"column":12},"end":{"line":247,"column":73}},"54":{"start":{"line":248,"column":12},"end":{"line":248,"column":63}},"55":{"start":{"line":249,"column":17},"end":{"line":263,"column":11}},"56":{"start":{"line":250,"column":12},"end":{"line":250,"column":37}},"57":{"start":{"line":252,"column":12},"end":{"line":260,"column":13}},"58":{"start":{"line":253,"column":14},"end":{"line":257,"column":15}},"59":{"start":{"line":254,"column":16},"end":{"line":256,"column":17}},"60":{"start":{"line":255,"column":18},"end":{"line":255,"column":53}},"61":{"start":{"line":259,"column":14},"end":{"line":259,"column":39}},"62":{"start":{"line":262,"column":12},"end":{"line":262,"column":70}},"63":{"start":{"line":264,"column":15},"end":{"line":279,"column":9}},"64":{"start":{"line":265,"column":10},"end":{"line":268,"column":11}},"65":{"start":{"line":266,"column":12},"end":{"line":266,"column":30}},"66":{"start":{"line":267,"column":12},"end":{"line":267,"column":73}},"67":{"start":{"line":270,"column":10},"end":{"line":276,"column":11}},"68":{"start":{"line":271,"column":12},"end":{"line":273,"column":20}},"69":{"start":{"line":275,"column":12},"end":{"line":275,"column":66}},"70":{"start":{"line":278,"column":10},"end":{"line":278,"column":35}},"71":{"start":{"line":281,"column":8},"end":{"line":281,"column":20}},"72":{"start":{"line":307,"column":8},"end":{"line":309,"column":9}},"73":{"start":{"line":308,"column":10},"end":{"line":308,"column":38}},"74":{"start":{"line":311,"column":8},"end":{"line":326,"column":9}},"75":{"start":{"line":312,"column":10},"end":{"line":319,"column":11}},"76":{"start":{"line":313,"column":12},"end":{"line":313,"column":66}},"77":{"start":{"line":314,"column":12},"end":{"line":314,"column":73}},"78":{"start":{"line":314,"column":22},"end":{"line":314,"column":73}},"79":{"start":{"line":316,"column":12},"end":{"line":318,"column":13}},"80":{"start":{"line":317,"column":14},"end":{"line":317,"column":67}},"81":{"start":{"line":321,"column":10},"end":{"line":321,"column":47}},"82":{"start":{"line":323,"column":10},"end":{"line":325,"column":12}},"83":{"start":{"line":328,"column":8},"end":{"line":328,"column":20}},"84":{"start":{"line":339,"column":8},"end":{"line":339,"column":19}},"85":{"start":{"line":340,"column":8},"end":{"line":340,"column":18}},"86":{"start":{"line":341,"column":8},"end":{"line":341,"column":17}},"87":{"start":{"line":342,"column":8},"end":{"line":342,"column":16}},"88":{"start":{"line":344,"column":8},"end":{"line":464,"column":9}},"89":{"start":{"line":345,"column":10},"end":{"line":345,"column":25}},"90":{"start":{"line":346,"column":10},"end":{"line":346,"column":20}},"91":{"start":{"line":347,"column":10},"end":{"line":347,"column":18}},"92":{"start":{"line":348,"column":10},"end":{"line":348,"column":18}},"93":{"start":{"line":351,"column":10},"end":{"line":359,"column":11}},"94":{"start":{"line":352,"column":12},"end":{"line":352,"column":32}},"95":{"start":{"line":354,"column":12},"end":{"line":356,"column":13}},"96":{"start":{"line":355,"column":14},"end":{"line":355,"column":30}},"97":{"start":{"line":358,"column":12},"end":{"line":358,"column":18}},"98":{"start":{"line":363,"column":10},"end":{"line":375,"column":11}},"99":{"start":{"line":364,"column":12},"end":{"line":364,"column":113}},"100":{"start":{"line":366,"column":12},"end":{"line":368,"column":13}},"101":{"start":{"line":370,"column":12},"end":{"line":372,"column":13}},"102":{"start":{"line":371,"column":14},"end":{"line":371,"column":30}},"103":{"start":{"line":374,"column":12},"end":{"line":374,"column":18}},"104":{"start":{"line":378,"column":10},"end":{"line":378,"column":27}},"105":{"start":{"line":381,"column":10},"end":{"line":381,"column":38}},"106":{"start":{"line":384,"column":10},"end":{"line":384,"column":51}},"107":{"start":{"line":387,"column":10},"end":{"line":387,"column":33}},"108":{"start":{"line":390,"column":10},"end":{"line":390,"column":30}},"109":{"start":{"line":391,"column":10},"end":{"line":391,"column":32}},"110":{"start":{"line":392,"column":10},"end":{"line":392,"column":34}},"111":{"start":{"line":393,"column":10},"end":{"line":393,"column":34}},"112":{"start":{"line":394,"column":10},"end":{"line":394,"column":32}},"113":{"start":{"line":395,"column":10},"end":{"line":395,"column":41}},"114":{"start":{"line":396,"column":10},"end":{"line":396,"column":41}},"115":{"start":{"line":397,"column":10},"end":{"line":402,"column":22}},"116":{"start":{"line":398,"column":12},"end":{"line":398,"column":58}},"117":{"start":{"line":399,"column":12},"end":{"line":399,"column":36}},"118":{"start":{"line":400,"column":12},"end":{"line":400,"column":38}},"119":{"start":{"line":401,"column":12},"end":{"line":401,"column":22}},"120":{"start":{"line":405,"column":10},"end":{"line":407,"column":11}},"121":{"start":{"line":406,"column":12},"end":{"line":406,"column":72}},"122":{"start":{"line":410,"column":10},"end":{"line":410,"column":29}},"123":{"start":{"line":413,"column":10},"end":{"line":415,"column":11}},"124":{"start":{"line":414,"column":12},"end":{"line":414,"column":39}},"125":{"start":{"line":417,"column":10},"end":{"line":425,"column":11}},"126":{"start":{"line":418,"column":12},"end":{"line":418,"column":56}},"127":{"start":{"line":419,"column":12},"end":{"line":419,"column":45}},"128":{"start":{"line":420,"column":12},"end":{"line":420,"column":63}},"129":{"start":{"line":422,"column":12},"end":{"line":424,"column":13}},"130":{"start":{"line":423,"column":14},"end":{"line":423,"column":63}},"131":{"start":{"line":427,"column":10},"end":{"line":447,"column":11}},"132":{"start":{"line":428,"column":12},"end":{"line":428,"column":45}},"133":{"start":{"line":431,"column":12},"end":{"line":431,"column":56}},"134":{"start":{"line":432,"column":12},"end":{"line":440,"column":13}},"135":{"start":{"line":433,"column":14},"end":{"line":439,"column":15}},"136":{"start":{"line":434,"column":16},"end":{"line":434,"column":42}},"137":{"start":{"line":436,"column":16},"end":{"line":438,"column":17}},"138":{"start":{"line":437,"column":18},"end":{"line":437,"column":53}},"139":{"start":{"line":443,"column":12},"end":{"line":443,"column":45}},"140":{"start":{"line":444,"column":12},"end":{"line":446,"column":13}},"141":{"start":{"line":445,"column":14},"end":{"line":445,"column":51}},"142":{"start":{"line":450,"column":10},"end":{"line":450,"column":38}},"143":{"start":{"line":451,"column":10},"end":{"line":451,"column":32}},"144":{"start":{"line":452,"column":10},"end":{"line":452,"column":43}},"145":{"start":{"line":455,"column":10},"end":{"line":459,"column":11}},"146":{"start":{"line":456,"column":12},"end":{"line":456,"column":69}},"147":{"start":{"line":457,"column":12},"end":{"line":458,"column":28}},"148":{"start":{"line":457,"column":22},"end":{"line":457,"column":63}},"149":{"start":{"line":458,"column":17},"end":{"line":458,"column":28}},"150":{"start":{"line":461,"column":10},"end":{"line":463,"column":11}},"151":{"start":{"line":463,"column":11},"end":{"line":463,"column":41}},"152":{"start":{"line":466,"column":8},"end":{"line":517,"column":9}},"153":{"start":{"line":467,"column":10},"end":{"line":516,"column":11}},"154":{"start":{"line":468,"column":12},"end":{"line":468,"column":42}},"155":{"start":{"line":469,"column":12},"end":{"line":469,"column":37}},"156":{"start":{"line":470,"column":12},"end":{"line":470,"column":33}},"157":{"start":{"line":471,"column":12},"end":{"line":471,"column":23}},"158":{"start":{"line":474,"column":12},"end":{"line":474,"column":37}},"159":{"start":{"line":477,"column":12},"end":{"line":485,"column":14}},"160":{"start":{"line":479,"column":14},"end":{"line":482,"column":15}},"161":{"start":{"line":480,"column":16},"end":{"line":480,"column":34}},"162":{"start":{"line":481,"column":16},"end":{"line":481,"column":22}},"163":{"start":{"line":484,"column":14},"end":{"line":484,"column":41}},"164":{"start":{"line":488,"column":12},"end":{"line":488,"column":32}},"165":{"start":{"line":491,"column":12},"end":{"line":493,"column":13}},"166":{"start":{"line":492,"column":14},"end":{"line":492,"column":47}},"167":{"start":{"line":496,"column":12},"end":{"line":500,"column":14}},"168":{"start":{"line":497,"column":14},"end":{"line":497,"column":62}},"169":{"start":{"line":497,"column":28},"end":{"line":497,"column":62}},"170":{"start":{"line":498,"column":14},"end":{"line":498,"column":48}},"171":{"start":{"line":499,"column":14},"end":{"line":499,"column":60}},"172":{"start":{"line":499,"column":33},"end":{"line":499,"column":60}},"173":{"start":{"line":503,"column":12},"end":{"line":505,"column":14}},"174":{"start":{"line":504,"column":14},"end":{"line":504,"column":32}},"175":{"start":{"line":507,"column":12},"end":{"line":515,"column":13}},"176":{"start":{"line":508,"column":14},"end":{"line":514,"column":15}},"177":{"start":{"line":509,"column":16},"end":{"line":509,"column":37}},"178":{"start":{"line":510,"column":21},"end":{"line":514,"column":15}},"179":{"start":{"line":511,"column":16},"end":{"line":511,"column":46}},"180":{"start":{"line":513,"column":16},"end":{"line":513,"column":46}},"181":{"start":{"line":519,"column":8},"end":{"line":535,"column":9}},"182":{"start":{"line":520,"column":10},"end":{"line":532,"column":11}},"183":{"start":{"line":521,"column":12},"end":{"line":521,"column":42}},"184":{"start":{"line":523,"column":12},"end":{"line":529,"column":13}},"185":{"start":{"line":524,"column":14},"end":{"line":528,"column":15}},"186":{"start":{"line":525,"column":16},"end":{"line":525,"column":56}},"187":{"start":{"line":527,"column":16},"end":{"line":527,"column":74}},"188":{"start":{"line":531,"column":12},"end":{"line":531,"column":60}},"189":{"start":{"line":534,"column":10},"end":{"line":534,"column":21}},"190":{"start":{"line":537,"column":8},"end":{"line":593,"column":9}},"191":{"start":{"line":538,"column":10},"end":{"line":538,"column":73}},"192":{"start":{"line":539,"column":10},"end":{"line":539,"column":46}},"193":{"start":{"line":540,"column":10},"end":{"line":540,"column":31}},"194":{"start":{"line":542,"column":10},"end":{"line":546,"column":11}},"195":{"start":{"line":543,"column":12},"end":{"line":543,"column":109}},"196":{"start":{"line":545,"column":12},"end":{"line":545,"column":105}},"197":{"start":{"line":548,"column":10},"end":{"line":553,"column":11}},"198":{"start":{"line":549,"column":14},"end":{"line":549,"column":37}},"199":{"start":{"line":549,"column":25},"end":{"line":549,"column":37}},"200":{"start":{"line":550,"column":14},"end":{"line":550,"column":56}},"201":{"start":{"line":550,"column":44},"end":{"line":550,"column":56}},"202":{"start":{"line":551,"column":14},"end":{"line":551,"column":77}},"203":{"start":{"line":551,"column":42},"end":{"line":551,"column":77}},"204":{"start":{"line":552,"column":14},"end":{"line":552,"column":26}},"205":{"start":{"line":555,"column":10},"end":{"line":592,"column":12}},"206":{"start":{"line":566,"column":12},"end":{"line":566,"column":51}},"207":{"start":{"line":568,"column":12},"end":{"line":570,"column":13}},"208":{"start":{"line":569,"column":14},"end":{"line":569,"column":59}},"209":{"start":{"line":572,"column":12},"end":{"line":574,"column":13}},"210":{"start":{"line":573,"column":14},"end":{"line":573,"column":32}},"211":{"start":{"line":577,"column":12},"end":{"line":577,"column":29}},"212":{"start":{"line":580,"column":12},"end":{"line":580,"column":40}},"213":{"start":{"line":583,"column":12},"end":{"line":586,"column":14}},"214":{"start":{"line":584,"column":14},"end":{"line":585,"column":56}},"215":{"start":{"line":584,"column":45},"end":{"line":584,"column":67}},"216":{"start":{"line":585,"column":19},"end":{"line":585,"column":56}},"217":{"start":{"line":589,"column":12},"end":{"line":591,"column":14}},"218":{"start":{"line":590,"column":14},"end":{"line":590,"column":59}},"219":{"start":{"line":595,"column":8},"end":{"line":595,"column":71}},"220":{"start":{"line":596,"column":8},"end":{"line":596,"column":50}},"221":{"start":{"line":598,"column":8},"end":{"line":600,"column":9}},"222":{"start":{"line":599,"column":10},"end":{"line":599,"column":40}},"223":{"start":{"line":602,"column":8},"end":{"line":602,"column":22}},"224":{"start":{"line":610,"column":4},"end":{"line":610,"column":32}},"225":{"start":{"line":617,"column":4},"end":{"line":617,"column":28}},"226":{"start":{"line":624,"column":4},"end":{"line":624,"column":30}},"227":{"start":{"line":632,"column":4},"end":{"line":636,"column":5}},"228":{"start":{"line":645,"column":4},"end":{"line":673,"column":5}},"229":{"start":{"line":646,"column":6},"end":{"line":646,"column":20}},"230":{"start":{"line":647,"column":6},"end":{"line":647,"column":16}},"231":{"start":{"line":648,"column":6},"end":{"line":648,"column":13}},"232":{"start":{"line":649,"column":6},"end":{"line":649,"column":11}},"233":{"start":{"line":651,"column":6},"end":{"line":651,"column":48}},"234":{"start":{"line":653,"column":6},"end":{"line":670,"column":7}},"235":{"start":{"line":654,"column":8},"end":{"line":658,"column":9}},"236":{"start":{"line":655,"column":10},"end":{"line":657,"column":11}},"237":{"start":{"line":656,"column":12},"end":{"line":656,"column":48}},"238":{"start":{"line":660,"column":8},"end":{"line":669,"column":9}},"239":{"start":{"line":661,"column":10},"end":{"line":666,"column":11}},"240":{"start":{"line":662,"column":12},"end":{"line":662,"column":51}},"241":{"start":{"line":663,"column":12},"end":{"line":665,"column":13}},"242":{"start":{"line":664,"column":14},"end":{"line":664,"column":55}},"243":{"start":{"line":667,"column":15},"end":{"line":669,"column":9}},"244":{"start":{"line":668,"column":10},"end":{"line":668,"column":64}},"245":{"start":{"line":672,"column":6},"end":{"line":672,"column":18}},"246":{"start":{"line":680,"column":4},"end":{"line":692,"column":5}},"247":{"start":{"line":681,"column":6},"end":{"line":691,"column":25}},"248":{"start":{"line":682,"column":8},"end":{"line":690,"column":9}},"249":{"start":{"line":683,"column":10},"end":{"line":687,"column":11}},"250":{"start":{"line":684,"column":12},"end":{"line":684,"column":24}},"251":{"start":{"line":686,"column":12},"end":{"line":686,"column":50}},"252":{"start":{"line":689,"column":10},"end":{"line":689,"column":33}},"253":{"start":{"line":691,"column":13},"end":{"line":691,"column":25}},"254":{"start":{"line":694,"column":4},"end":{"line":699,"column":5}},"255":{"start":{"line":695,"column":6},"end":{"line":698,"column":7}},"256":{"start":{"line":696,"column":8},"end":{"line":696,"column":40}},"257":{"start":{"line":697,"column":8},"end":{"line":697,"column":20}},"258":{"start":{"line":703,"column":4},"end":{"line":716,"column":5}},"259":{"start":{"line":704,"column":6},"end":{"line":715,"column":7}},"260":{"start":{"line":705,"column":8},"end":{"line":705,"column":44}},"261":{"start":{"line":706,"column":8},"end":{"line":706,"column":28}},"262":{"start":
[...]
ew Stream()","            var _on = response.on","            var decoder","","            // Keeping node happy","            stream.req = response.req","","            // Make sure we emit prior to processing","            unzip.on('error', function (error) {","              // Catch the parser error when there is no content","              if (error.errno === zlib.Z_BUF_ERROR || error.errno === zlib.Z_DATA_ERROR) {","                stream.emit('end')","                return","              }","","              stream.emit('error', error)","            })","","            // Start the processing","            response.pipe(unzip)","","            // Ensure encoding is captured","            response.setEncoding = function (type) {","              decoder = new StringDecoder(type)","            }","","            // Capture decompression and decode with captured encoding","            unzip.on('data', function (buffer) {","              if (!decoder) return stream.emit('data', buffer)","              var string = decoder.write(buffer)","              if (string.length) stream.emit('data', string)","            })","","            // Emit yoself","            unzip.on('end', function () {","              stream.emit('end')","            })","","            response.on = function (type, next) {","              if (type === 'data' || type === 'end') {","                stream.on(type, next)","              } else if (type === 'error') {","                _on.call(response, type, next)","              } else {","                _on.call(response, type, next)","              }","            }","          }","        }","","        function handleFormData (form) {","          for (var i = 0; i < $this._multipart.length; i++) {","            var item = $this._multipart[i]","","            if (item.attachment && is(item.value).a(String)) {","              if (does(item.value).contain('http://') || does(item.value).contain('https://')) {","                item.value = Unirest.request(item.value)","              } else {","                item.value = fs.createReadStream(path.resolve(item.value))","              }","            }","","            form.append(item.name, item.value, item.options)","          }","","          return form","        }","","        if ($this._multipart.length && !$this._stream) {","          header = $this.options.headers[$this.hasHeader('content-type')]","          parts = URL.parse($this.options.url)","          form = new FormData()","","          if (header) {","            $this.options.headers['content-type'] = header.split(';')[0] + '; boundary=' + form.getBoundary()","          } else {","            $this.options.headers['content-type'] = 'multipart/form-data; boundary=' + form.getBoundary()","          }","","          function authn(auth) {","              if (!auth) return null;","              if (typeof auth === 'string') return auth;","              if (auth.user && auth.pass) return auth.user + ':' + auth.pass;","              return auth;","          }","","          return handleFormData(form).submit({","            protocol: parts.protocol,","            port: parts.port,","            // Formdata doesn't expect port to be included with host","            // so we use hostname rather than host","            host: parts.hostname,","            path: parts.path,","            method: $this.options.method,","            headers: $this.options.headers,","            auth: authn($this.options.auth || parts.auth)","          }, function (error, response) {","            var decoder = new StringDecoder('utf8')","","            if (error) {","              return handleRequestResponse(error, response)","            }","","            if (!response.body) {","              response.body = ''","            }","","            // Node 10+","            response.resume()","","            // GZIP, Feel me?","            handleGZIPResponse(response)","","            // Fallback","            response.on('data', function (chunk) {","              if (typeof chunk === 'string') response.body += chunk","              else response.body += decoder.write(chunk)","            })","","            // After all, we end up here","            response.on('end', function () {","              return handleRequestResponse(error, response)","            })","          })","        }","","        Request = Unirest.request($this.options, handleRequestResponse)","        Request.on('response', handleGZIPResponse)","","        if ($this._multipart.length && $this._stream) {","          handleFormData(Request.form())","        }","","        return Request","      }","    }","","    /**","     * Alias for _.header_","     * @type {Function}","     */","    $this.headers = $this.header","","    /**","     * Alias for _.header_","     *","     * @type {Function}","     */","    $this.set = $this.header","","    /**","     * Alias for _.end_","     *","     * @type {Function}","     */","    $this.complete = $this.end","","    /**","     * Aliases for _.end_","     *","     * @type {Object}","     */","","    $this.as = {","      json: $this.end,","      binary: $this.end,","      string: $this.end","    }","","    /**","     * Handles Multipart Field Processing","     *","     * @param {String} name","     * @param {Mixed} value","     * @param {Object} options","     */","    function handleField (name, value, options) {","      var serialized","      var length","      var key","      var i","","      options = options || { attachment: false }","","      if (is(name).a(Object)) {","        for (key in name) {","          if (name.hasOwnProperty(key)) {","            handleField(key, name[key], options)","          }","        }","      } else {","        if (is(value).a(Array)) {","          for (i = 0, length = value.length; i < length; i++) {","            serialized = handleFieldValue(value[i])","            if (serialized) {","              $this.rawField(name, serialized, options)","            }","          }","        } else if (value != null) {","          $this.rawField(name, handleFieldValue(value), options)","        }","      }","","      return $this","    }","","    /**","     * Handles Multipart Value Processing","     *","     * @param {Mixed} value","     */","    function handleFieldValue (value) {","      if (!(value instanceof Buffer || typeof value === 'string')) {","        if (is(value).a(Object)) {","          if (value instanceof fs.FileReadStream) {","            return value","          } else {","            return Unirest.serializers.json(value)","          }","        } else {","          return value.toString()","        }","      } else return value","    }","","    function setupOption (name, ref) {","      $this[name] = function (arg) {","        $this.options[ref || name] = arg","        return $this","      }","    }","","    // Iterates over a list of option methods to generate the chaining","    // style of use you see in Superagent and jQuery.","    for (var x in Unirest.enum.options) {","      if (Unirest.enum.options.hasOwnProperty(x)) {","        var option = Unirest.enum.options[x]","        var reference = null","","        if (option.indexOf(':') > -1) {","          option = option.split(':')","          reference = option[1]","          option = option[0]","        }","","        setupOption(option, reference)","      }","    }","","    if (headers && typeof headers === 'function') {","      callback = headers","      headers = null","    } else if (body && typeof body === 'function') {","      callback = body","      body = null","    }","","    if (headers) $this.set(headers)","    if (body) $this.send(body)","","    return callback ? $this.end(callback) : $this","  }","","  return uri ? unirest(uri, headers, body, callback) : unirest","}","","/**"," * Expose the underlying layer."," */","Unirest.request = require('request')","Unirest.cookie = Unirest.request.cookie","Unirest.pipe = Unirest.request.pipe","","/**"," * Mime-type lookup / parser."," *"," * @param  {String} type"," * @param  {Boolean} parse Should we parse?"," * @return {String}"," */","Unirest.type = function (type, parse) {","  if (typeof type !== 'string') return false","  return parse ? type.split(/ *; */).shift() : (Unirest.types[type] || type)","}","","/**"," * Utility method to trim strings."," *"," * @type {String}"," */","Unirest.trim = ''.trim","  ? function (s) { return s.trim() }","  : function (s) { return s.replace(/^[\\s\\uFEFF\\xA0]+|[\\s\\uFEFF\\xA0]+$/g, '') }","","/**"," * Parser methods for different data types."," *"," * @type {Object}"," */","Unirest.parsers = {","  string: function (data) {","    var obj = {}","    var pairs = data.split('&')","    var parts","    var pair","","    for (var i = 0, len = pairs.length; i < len; ++i) {","      pair = pairs[i]","      parts = pair.split('=')","      obj[decodeURIComponent(parts[0])] = decodeURIComponent(parts[1])","    }","","    return obj","  },","","  json: function (data) {","    try {","      data = JSON.parse(data)","    } catch (e) {}","","    return data","  }","}","","/**"," * Serialization methods for different data types."," *"," * @type {Object}"," */","Unirest.serializers = {","  form: function (obj) {","    return QueryString.stringify(obj)","  },","","  json: function (obj) {","    return JSON.stringify(obj)","  }","}","","/**"," * Unirest Request Utility Methods"," *"," * @type {Object}"," */","Unirest.Request = {","  serialize: function (string, type) {","    var serializer = Unirest.firstMatch(type, Unirest.enum.serialize)","    return serializer ? serializer(string) : string","  },","","  uid: function (len) {","    var output = ''","    var chars = 'abcdefghijklmnopqrstuvwxyz123456789'","    var nchars = chars.length","    while (len--) output += chars[Math.random() * nchars | 0]","    return output","  }","}","","/**"," * Unirest Response Utility Methods"," *"," * @type {Object}"," */","Unirest.Response = {","  parse: function (string, type) {","    var parser = Unirest.firstMatch(type, Unirest.enum.parse)","    return parser ? parser(string) : string","  },","","  parseHeader: function (str) {","    var lines = str.split(/\\r?\\n/)","    var fields = {}","    var index","    var line","    var field","    var val","","    // Trailing CRLF","    lines.pop()","","    for (var i = 0, len = lines.length; i < len; ++i) {","      line = lines[i]","      index = line.indexOf(':')","      field = line.slice(0, index).toLowerCase()","      val = Unirest.trim(line.slice(index + 1))","      fields[field] = val","    }","","    return fields","  },","","  statusCodes: {","    'created': 201,","    'accepted': 202,","    'nonAuthoritativeInformation': 203,","    'noContent': 204,","    'resetContent': 205,","    'partialContent': 206,","    'multiStatus': 207,","    'alreadyReported': 208,","    'imUsed': 226,","    'multipleChoices': 300,","    'movedPermanently': 301,","    'found': 302,","    'seeOther': 303,","    'notModified': 304,","    'useProxy': 305,","    'temporaryRedirect': 307,","    'permanentRedirect': 308,","    'badRequest': 400,","    'unauthorized': 401,","    'paymentRequired': 402,","    'forbidden': 403,","    'notFound': 404,","    'methodNotAllowed': 405,","    'notAcceptable': 406,","    'proxyAuthenticationRequired': 407,","    'requestTimeout': 408,","    'conflict': 409,","    'gone': 410,","    'lengthRequired': 411,","    'preconditionFailed': 412,","    'requestEntityTooLarge': 413,","    'uriTooLong': 414,","    'unsupportedMediaType': 415,","    'rangeNotSatisfiable': 416,","    'expectationFailed': 417,","    'misdirectedRequest': 421,","    'unprocessableEntity': 422,","    'locked': 423,","    'failedDependency': 424,","    'upgradeRequired': 426,","    'preconditionRequired': 428,","    'tooManyRequests': 429,","    'requestHeaderFieldsTooLarge': 431,","    'internalServerError': 500,","    'notImplemented': 501,","    'badGateway': 502,","    'serviceUnavailable': 503,","    'gatewayTimeout': 504,","    'httpVersionNotSupported': 505,","    'variantAlsoNegotiates': 506,","    'insufficientStorage': 507,","    'loopDetected': 508,","    'notExtended': 510","  }","}","","/**"," * Expose cookie store (tough-cookie)"," *"," * @return {Function} Cookie Store"," */","Unirest.jar = function (options) {","  var jar = Unirest.request.jar()","  options = options || {}","","  // Because Requests aliases toughcookie rather than returning.","  if (options.store) {","    jar._jar.store = options.store","  }","","  if (options.rejectPublicSuffixes) {","    jar._jar.rejectPublicSuffixes = options.rejectPublicSuffixes","  }","","  // Alias helper methods","  jar.add = jar.setCookie","  jar.toString = jar.getCookieString","","  // Export","  return jar","}","","/**"," * Enum Structures"," *"," * @type {Object}"," */","Unirest.enum = {","  serialize: {","    'application/x-www-form-urlencoded': Unirest.serializers.form,","    'application/json': Unirest.serializers.json,","    '+json': Unirest.serializers.json","  },","","  parse: {","    'application/x-www-form-urlencoded': Unirest.parsers.string,","    'application/json': Unirest.parsers.json,","    '+json': Unirest.parsers.json","  },","","  methods: [","    'GET',","    'HEAD',","    'PUT',","    'POST',","    'PATCH',","    'DELETE',","    'OPTIONS'","  ],","","  options: [","    'uri:url', 'redirects:maxRedirects', 'redirect:followRedirect', 'url', 'method', 'qs', 'form', 'json', 'multipart',","    'followRedirect', 'followAllRedirects', 'maxRedirects', 'encoding', 'pool', 'timeout', 'proxy', 'oauth', 'hawk', 'time',","    'ssl:strictSSL', 'strictSSL', 'jar', 'cookies:jar', 'aws', 'httpSignature', 'localAddress', 'ip:localAddress', 'secureProtocol', 'forever'","  ]","}","","/**"," * Returns a list of values obtained by checking the specified string"," * whether it contains array value or object key, when true the value"," * is appended to the list to be returned."," *"," * @param  {String} string String to be tested"," * @param  {Object|Array} map    Values / Keys to test against string."," * @return {Array} List of values truthfully matched against string."," */","Unirest.matches = function matches (string, map) {","  var results = []","","  for (var key in map) {","    if (typeof map.length !== 'undefined') {","      key = map[key]","    }","","    if (string.indexOf(key) !== -1) {","      results.push(map[key])","    }","  }","","  return results","}","","/**"," * Returns the first value obtained through #matches"," *"," * @see #matches"," * @param  {String} string String to be tested"," * @param  {Object|Array} map Values / Keys to test against string."," * @return {Mixed} First match value"," */","Unirest.firstMatch = function firstMatch (string, map) {","  return Unirest.matches(string, map)[0]","}","","/**"," * Generate sugar for request library."," *"," * This allows us to mock super-agent chaining style while using request library under the hood."," */","function setupMethod (method) {","  Unirest[method] = Unirest(method)","}","","for (var i = 0; i < Unirest.enum.methods.length; i++) {","  var method = Unirest.enum.methods[i].toLowerCase()","  setupMethod(method)","}","","/**"," * Simple Utility Methods for checking information about a value."," *"," * @param  {Mixed}  value  Could be anything."," * @return {Object}"," */","function is (value) {","  return {","    a: function (check) {","      if (check.prototype) check = check.prototype.constructor.name","      var type = Object.prototype.toString.call(value).slice(8, -1).toLowerCase()","      return value != null && type === check.toLowerCase()","    }","  }","}","","/**"," * Simple Utility Methods for checking information about a value."," *"," * @param  {Mixed}  value  Could be anything."," * @return {Object}"," */","function does (value) {","  var arrayIndexOf = (Array.indexOf ? function (arr, obj, from) {","    return arr.indexOf(obj, from)","  } : function (arr, obj, from) {","    var l = arr.length","    var i = from ? parseInt((1 * from) + (from < 0 ? l : 0), 10) : 0","    i = i < 0 ? 0 : i","    for (; i < l; i++) if (i in arr && arr[i] === obj) return i","    return -1","  })","","  return {","    startWith: function (string) {","      if (is(value).a(String)) return value.slice(0, string.length) === string","      if (is(value).a(Array)) return value[0] === string","      return false","    },","","    endWith: function (string) {","      if (is(value).a(String)) return value.slice(-string.length) === string","      if (is(value).a(Array)) return value[value.length - 1] === string","      return false","    },","","    contain: function (field) {","      if (is(value).a(String)) return value.indexOf(field) > -1","      if (is(value).a(Object)) return value.hasOwnProperty(field)","      if (is(value).a(Array)) return !!~arrayIndexOf(value, field)","      return false","    }","  }","}","","/**"," * Expose the Unirest Container"," */","","module.exports = exports = Unirest",""],"l":{"13":1,"14":1,"15":1,"16":1,"17":1,"18":1,"19":1,"20":1,"21":1,"26":1,"35":1,"36":7,"37":0,"90":0,"91":0,"93":0,"94":0,"95":0,"96":0,"99":0,"100":0,"101":0,"105":0,"114":0,"115":0,"126":0,"137":0,"138":0,"139":0,"151":0,"171":0,"177":0,"188":0,"189":0,"190":0,"191":0,"195":0,"198":0,"199":0,"201":0,"211":0,"212":0,"213":0,"214":0,"224":0,"227":0,"242":0,"244":0,"245":0,"246":0,"247":0,"248":0,"249":0,"250":0,"252":0,"253":0,"254":0,"255":0,"259":0,"262":0,"264":0,"265":0,"266":0,"267":0,"270":0,"271":0,"275":0,"278":0,"281":0,"307":0,"308":0,"311":0,"312":0,"313":0,"314":0,"316":0,"317":0,"321":0,"323":0,"328":0,"339":0,"340":0,"341":0,"342":0,"344":1,"345":0,"346":0,"347":0,"348":0,"351":0,"352":0,"354":0,"355":0,"358":0,"363":0,"364":0,"366":0,"370":0,"371":0,"374":0,"378":0,"381":0,"384":0,"387":0,"390":0,"391":0,"392":0,"393":0,"394":0,"395":0,"396":0,"397":0,"398":0,"399":0,"400":0,"401":0,"405":0,"406":0,"410":0,"413":0,"414":0,"417":1,"418":0,"419":0,"420":0,"422":0,"423":0,"427":0,"428":0,"431":0,"432":0,"433":0,"434":0,"436":0,"437":0,"443":0,"444":0,"445":0,"450":0,"451":0,"452":0,"455":0,"456":0,"457":0,"458":0,"461":0,"463":0,"466":1,"467":0,"468":0,"469":0,"470":0,"471":0,"474":0,"477":0,"479":0,"480":0,"481":0,"484":0,"488":0,"491":0,"492":0,"496":0,"497":0,"498":0,"499":0,"503":0,"504":0,"507":0,"508":0,"509":0,"510":0,"511":0,"513":0,"519":1,"520":0,"521":0,"523":0,"524":0,"525":0,"527":0,"531":0,"534":0,"537":0,"538":0,"539":0,"540":0,"542":0,"543":0,"545":0,"548":1,"549":0,"550":0,"551":0,"552":0,"555":0,"566":0,"568":0,"569":0,"572":0,"573":0,"577":0,"580":0,"583":0,"584":0,"585":0,"589":0,"590":0,"595":0,"596":0,"598":0,"599":0,"602":0,"610":0,"617":0,"624":0,"632":0,"645":1,"646":0,"647":0,"648":0,"649":0,"651":0,"653":0,"654":0,"655":0,"656":0,"660":0,"661":0,"662":0,"663":0,"664":0,"667":0,"668":0,"672":0,"680":1,"681":0,"682":0,"683":0,"684":0,"686":0,"689":0,"691":0,"694":1,"695":0,"696":0,"697":0,"703":0,"704":0,"705":0,"706":0,"708":0,"709":0,"710":0,"711":0,"714":0,"718":0,"719":0,"720":0,"721":0,"722":0,"723":0,"726":0,"727":0,"729":0,"732":7,"738":1,"739":1,"740":1,"749":1,"750":0,"751":0,"759":1,"760":0,"761":0,"768":1,"770":0,"771":0,"772":0,"773":0,"775":0,"776":0,"777":0,"778":0,"781":0,"785":0,"786":0,"789":0,"798":1,"800":0,"804":0,"813":1,"815":0,"816":0,"820":0,"821":0,"822":0,"823":0,"824":0,"833":1,"835":0,"836":0,"840":0,"841":0,"842":0,"843":0,"844":0,"845":0,"848":0,"850":0,"851":0,"852":0,"853":0,"854":0,"855":0,"858":0,"923":1,"924":0,"925":0,"928":0,"929":0,"932":0,"933":0,"937":0,"938":0,"941":0,"949":1,"988":1,"989":0,"991":0,"992":0,"993":0,"996":0,"997":0,"1001":0,"1012":1,"1013":0,"1021":1,"1022":7,"1025":1,"1026":7,"1027":7,"1036":1,"1037":0,"1039":0,"1040":0,"1041":0,"1052":1,"1053":0,"1054":0,"1056":0,"1057":0,"1058":0,"1059":0,"1060":0,"1063":0,"1065":0,"1066":0,"1067":0,"1071":0,"1072":0,"1073":0,"1077":0,"1078":0,"1079":0,"1080":0,"1089":1}}}